#
# There is insufficient memory for the Java Runtime Environment to continue.
# Native memory allocation (malloc) failed to allocate 522672 bytes for Chunk::new
# Possible reasons:
#   The system is out of physical RAM or swap space
#   The process is running with CompressedOops enabled, and the Java Heap may be blocking the growth of the native heap
# Possible solutions:
#   Reduce memory load on the system
#   Increase physical memory or swap space
#   Check if swap backing store is full
#   Decrease Java heap size (-Xmx/-Xms)
#   Decrease number of Java threads
#   Decrease Java thread stack sizes (-Xss)
#   Set larger code cache with -XX:ReservedCodeCacheSize=
#   JVM is running with Unscaled Compressed Oops mode in which the Java heap is
#     placed in the first 4GB address space. The Java Heap base address is the
#     maximum limit for the native heap growth. Please use -XX:HeapBaseMinAddress
#     to set the Java Heap base and to place the Java Heap above 4GB virtual address.
# This output file may be truncated or incomplete.
#
#  Out of Memory Error (./open/src/hotspot/share/memory/arena.cpp:195), pid=2688, tid=4080
#
# JRE version: Java(TM) SE Runtime Environment (15.0.1+9) (build 15.0.1+9-18)
# Java VM: Java HotSpot(TM) 64-Bit Server VM (15.0.1+9-18, mixed mode, sharing, tiered, compressed oops, g1 gc, windows-amd64)
# No core dump will be written. Minidumps are not enabled by default on client versions of Windows
#

---------------  S U M M A R Y ------------

Command Line: -javaagent:C:\Program Files\JetBrains\IntelliJ IDEA Community Edition 2021.3.2\lib\idea_rt.jar=60036:C:\Program Files\JetBrains\IntelliJ IDEA Community Edition 2021.3.2\bin -Dfile.encoding=UTF-8 com.st.travelsmartapi.TravelsmartApiApplication

Host: AMD Ryzen 5 3500U with Radeon Vega Mobile Gfx  , 8 cores, 3G,  Windows 10 , 64 bit Build 19041 (10.0.19041.1566)
Time: Thu Mar 17 16:44:17 2022 India Standard Time elapsed time: 3.068617 seconds (0d 0h 0m 3s)

---------------  T H R E A D  ---------------

Current thread (0x00000201bb5799a0):  JavaThread "C2 CompilerThread0" daemon [_thread_in_native, id=4080, stack(0x000000d91c000000,0x000000d91c100000)]


Current CompileTask:
C2:   3069 2198  s    4       jdk.internal.jimage.BasicImageReader::findLocation (115 bytes)

Stack: [0x000000d91c000000,0x000000d91c100000]
Native frames: (J=compiled Java code, j=interpreted, Vv=VM code, C=native code)
V  [jvm.dll+0x62ae9a]
V  [jvm.dll+0x781389]
V  [jvm.dll+0x782ae3]
V  [jvm.dll+0x783143]
V  [jvm.dll+0x216265]
V  [jvm.dll+0x97efa]
V  [jvm.dll+0x985dc]
V  [jvm.dll+0x32e525]
V  [jvm.dll+0x2f78aa]
V  [jvm.dll+0x2f6c6a]
V  [jvm.dll+0x1ea645]
V  [jvm.dll+0x1e98ae]
V  [jvm.dll+0x1784c7]
V  [jvm.dll+0x1f9165]
V  [jvm.dll+0x1f720c]
V  [jvm.dll+0x74485d]
V  [jvm.dll+0x73d65a]
V  [jvm.dll+0x629c56]
C  [ucrtbase.dll+0x21bb2]
C  [KERNEL32.DLL+0x17034]
C  [ntdll.dll+0x52651]


---------------  P R O C E S S  ---------------

Threads class SMR info:
_java_thread_list=0x00000201bd125cc0, length=12, elements={
0x000002019f53f540, 0x000002019f608a20, 0x000002019f609500, 0x00000201bb56a090,
0x00000201bb56da70, 0x00000201bb56e430, 0x00000201bb5799a0, 0x00000201bb580010,
0x00000201bb593520, 0x00000201bb60e870, 0x00000201bc11b680, 0x00000201bc11bb50
}

Java Threads: ( => current thread )
  0x000002019f53f540 JavaThread "main" [_thread_in_Java, id=6064, stack(0x000000d91b400000,0x000000d91b500000)]
  0x000002019f608a20 JavaThread "Reference Handler" daemon [_thread_blocked, id=5596, stack(0x000000d91bb00000,0x000000d91bc00000)]
  0x000002019f609500 JavaThread "Finalizer" daemon [_thread_blocked, id=6520, stack(0x000000d91bc00000,0x000000d91bd00000)]
  0x00000201bb56a090 JavaThread "Signal Dispatcher" daemon [_thread_blocked, id=14740, stack(0x000000d91bd00000,0x000000d91be00000)]
  0x00000201bb56da70 JavaThread "Attach Listener" daemon [_thread_blocked, id=10808, stack(0x000000d91be00000,0x000000d91bf00000)]
  0x00000201bb56e430 JavaThread "Service Thread" daemon [_thread_blocked, id=13988, stack(0x000000d91bf00000,0x000000d91c000000)]
=>0x00000201bb5799a0 JavaThread "C2 CompilerThread0" daemon [_thread_in_native, id=4080, stack(0x000000d91c000000,0x000000d91c100000)]
  0x00000201bb580010 JavaThread "C1 CompilerThread0" daemon [_thread_in_vm, id=984, stack(0x000000d91c100000,0x000000d91c200000)]
  0x00000201bb593520 JavaThread "Sweeper thread" daemon [_thread_blocked, id=9532, stack(0x000000d91c200000,0x000000d91c300000)]
  0x00000201bb60e870 JavaThread "Common-Cleaner" daemon [_thread_blocked, id=15328, stack(0x000000d91c300000,0x000000d91c400000)]
  0x00000201bc11b680 JavaThread "Monitor Ctrl-Break" daemon [_thread_in_native, id=8136, stack(0x000000d91c400000,0x000000d91c500000)]
  0x00000201bc11bb50 JavaThread "Notification Thread" daemon [_thread_blocked, id=15636, stack(0x000000d91c500000,0x000000d91c600000)]

Other Threads:
  0x00000201bb5577a0 VMThread "VM Thread" [stack: 0x000000d91ba00000,0x000000d91bb00000] [id=6392]
  0x00000201bc309490 WatcherThread [stack: 0x000000d91c600000,0x000000d91c700000] [id=13536]
  0x000002019f56deb0 GCTaskThread "GC Thread#0" [stack: 0x000000d91b500000,0x000000d91b600000] [id=15644]
  0x00000201bc444c90 GCTaskThread "GC Thread#1" [stack: 0x000000d91c800000,0x000000d91c900000] [id=15724]
  0x00000201bc446610 GCTaskThread "GC Thread#2" [stack: 0x000000d91c900000,0x000000d91ca00000] [id=1196]
  0x00000201bc443fd0 GCTaskThread "GC Thread#3" [stack: 0x000000d91ca00000,0x000000d91cb00000] [id=10028]
  0x000002019f576da0 ConcurrentGCThread "G1 Main Marker" [stack: 0x000000d91b600000,0x000000d91b700000] [id=15952]
  0x000002019f5788b0 ConcurrentGCThread "G1 Conc#0" [stack: 0x000000d91b700000,0x000000d91b800000] [id=4332]
  0x000002019f5ccd60 ConcurrentGCThread "G1 Refine#0" [stack: 0x000000d91b800000,0x000000d91b900000] [id=11900]
  0x00000201bbffebb0 ConcurrentGCThread "G1 Refine#1" [stack: 0x000000d91cb00000,0x000000d91cc00000] [id=8296]
  0x00000201bcdee3e0 ConcurrentGCThread "G1 Refine#2" [stack: 0x000000d91cc00000,0x000000d91cd00000] [id=15188]
  0x000002019f5ce720 ConcurrentGCThread "G1 Young RemSet Sampling" [stack: 0x000000d91b900000,0x000000d91ba00000] [id=13260]

Threads with active compile tasks:
C2 CompilerThread0     3101 2198  s    4       jdk.internal.jimage.BasicImageReader::findLocation (115 bytes)
C1 CompilerThread0     3101 2544   !   3       java.lang.invoke.BootstrapMethodInvoker::invoke (688 bytes)

VM state: not at safepoint (normal execution)

VM Mutex/Monitor currently owned by a thread: None

Heap address: 0x00000000c8c00000, size: 884 MB, Compressed Oops mode: 32-bit
CDS archive(s) mapped at: [0x0000000800000000-0x0000000800b50000-0x0000000800b50000), size 11862016, SharedBaseAddress: 0x0000000800000000, ArchiveRelocationMode: 0.
Compressed class space mapped at: 0x0000000800b50000-0x0000000840b50000, size: 1073741824
Narrow klass base: 0x0000000800000000, Narrow klass shift: 3, Narrow klass range: 0x100000000

GC Precious Log:
 CPUs: 8 total, 8 available
 Memory: 3531M
 Large Page Support: Disabled
 NUMA Support: Disabled
 Compressed Oops: Enabled (32-bit)
 Heap Region Size: 1M
 Heap Min Capacity: 8M
 Heap Initial Capacity: 56M
 Heap Max Capacity: 884M
 Pre-touch: Disabled
 Parallel Workers: 8
 Concurrent Workers: 2
 Concurrent Refinement Workers: 8
 Periodic GC: Disabled

Heap:
 garbage-first heap   total 57344K, used 37400K [0x00000000c8c00000, 0x0000000100000000)
  region size 1024K, 30 young (30720K), 3 survivors (3072K)
 Metaspace       used 18689K, capacity 18938K, committed 19072K, reserved 1075200K
  class space    used 2219K, capacity 2307K, committed 2432K, reserved 1048576K

Heap Regions: E=young(eden), S=young(survivor), O=old, HS=humongous(starts), HC=humongous(continues), CS=collection set, F=free, OA=open archive, CA=closed archive, TAMS=top-at-mark-start (previous, next)
|   0|0x00000000c8c00000, 0x00000000c8d00000, 0x00000000c8d00000|100%|HS|  |TAMS 0x00000000c8c00000, 0x00000000c8c00000| Complete 
|   1|0x00000000c8d00000, 0x00000000c8e00000, 0x00000000c8e00000|100%| O|  |TAMS 0x00000000c8d00000, 0x00000000c8d00000| Untracked 
|   2|0x00000000c8e00000, 0x00000000c8f00000, 0x00000000c8f00000|100%| O|  |TAMS 0x00000000c8e00000, 0x00000000c8e00000| Untracked 
|   3|0x00000000c8f00000, 0x00000000c9000000, 0x00000000c9000000|100%| O|  |TAMS 0x00000000c8f00000, 0x00000000c8f00000| Untracked 
|   4|0x00000000c9000000, 0x00000000c9100000, 0x00000000c9100000|100%| O|  |TAMS 0x00000000c9000000, 0x00000000c9000000| Untracked 
|   5|0x00000000c9100000, 0x00000000c9200000, 0x00000000c9200000|100%| O|  |TAMS 0x00000000c9100000, 0x00000000c9100000| Untracked 
|   6|0x00000000c9200000, 0x00000000c9300000, 0x00000000c9300000|100%| O|  |TAMS 0x00000000c9200000, 0x00000000c9200000| Untracked 
|   7|0x00000000c9300000, 0x00000000c9400000, 0x00000000c9400000|100%| O|  |TAMS 0x00000000c9300000, 0x00000000c9300000| Untracked 
|   8|0x00000000c9400000, 0x00000000c9450600, 0x00000000c9500000| 31%| O|  |TAMS 0x00000000c9400000, 0x00000000c9400000| Untracked 
|   9|0x00000000c9500000, 0x00000000c9500000, 0x00000000c9600000|  0%| F|  |TAMS 0x00000000c9500000, 0x00000000c9500000| Untracked 
|  10|0x00000000c9600000, 0x00000000c9600000, 0x00000000c9700000|  0%| F|  |TAMS 0x00000000c9600000, 0x00000000c9600000| Untracked 
|  11|0x00000000c9700000, 0x00000000c9700000, 0x00000000c9800000|  0%| F|  |TAMS 0x00000000c9700000, 0x00000000c9700000| Untracked 
|  12|0x00000000c9800000, 0x00000000c9800000, 0x00000000c9900000|  0%| F|  |TAMS 0x00000000c9800000, 0x00000000c9800000| Untracked 
|  13|0x00000000c9900000, 0x00000000c9900000, 0x00000000c9a00000|  0%| F|  |TAMS 0x00000000c9900000, 0x00000000c9900000| Untracked 
|  14|0x00000000c9a00000, 0x00000000c9a00000, 0x00000000c9b00000|  0%| F|  |TAMS 0x00000000c9a00000, 0x00000000c9a00000| Untracked 
|  15|0x00000000c9b00000, 0x00000000c9b00000, 0x00000000c9c00000|  0%| F|  |TAMS 0x00000000c9b00000, 0x00000000c9b00000| Untracked 
|  16|0x00000000c9c00000, 0x00000000c9c00000, 0x00000000c9d00000|  0%| F|  |TAMS 0x00000000c9c00000, 0x00000000c9c00000| Untracked 
|  17|0x00000000c9d00000, 0x00000000c9d00000, 0x00000000c9e00000|  0%| F|  |TAMS 0x00000000c9d00000, 0x00000000c9d00000| Untracked 
|  18|0x00000000c9e00000, 0x00000000c9e00000, 0x00000000c9f00000|  0%| F|  |TAMS 0x00000000c9e00000, 0x00000000c9e00000| Untracked 
|  19|0x00000000c9f00000, 0x00000000c9f00000, 0x00000000ca000000|  0%| F|  |TAMS 0x00000000c9f00000, 0x00000000c9f00000| Untracked 
|  20|0x00000000ca000000, 0x00000000ca000000, 0x00000000ca100000|  0%| F|  |TAMS 0x00000000ca000000, 0x00000000ca000000| Untracked 
|  21|0x00000000ca100000, 0x00000000ca135c30, 0x00000000ca200000| 21%| S|CS|TAMS 0x00000000ca100000, 0x00000000ca100000| Complete 
|  22|0x00000000ca200000, 0x00000000ca300000, 0x00000000ca300000|100%| S|CS|TAMS 0x00000000ca200000, 0x00000000ca200000| Complete 
|  23|0x00000000ca300000, 0x00000000ca400000, 0x00000000ca400000|100%| S|CS|TAMS 0x00000000ca300000, 0x00000000ca300000| Complete 
|  24|0x00000000ca400000, 0x00000000ca400000, 0x00000000ca500000|  0%| F|  |TAMS 0x00000000ca400000, 0x00000000ca400000| Untracked 
|  25|0x00000000ca500000, 0x00000000ca500000, 0x00000000ca600000|  0%| F|  |TAMS 0x00000000ca500000, 0x00000000ca500000| Untracked 
|  26|0x00000000ca600000, 0x00000000ca600000, 0x00000000ca700000|  0%| F|  |TAMS 0x00000000ca600000, 0x00000000ca600000| Untracked 
|  27|0x00000000ca700000, 0x00000000ca700000, 0x00000000ca800000|  0%| F|  |TAMS 0x00000000ca700000, 0x00000000ca700000| Untracked 
|  28|0x00000000ca800000, 0x00000000ca800000, 0x00000000ca900000|  0%| F|  |TAMS 0x00000000ca800000, 0x00000000ca800000| Untracked 
|  29|0x00000000ca900000, 0x00000000ca96ed68, 0x00000000caa00000| 43%| E|  |TAMS 0x00000000ca900000, 0x00000000ca900000| Complete 
|  30|0x00000000caa00000, 0x00000000cab00000, 0x00000000cab00000|100%| E|CS|TAMS 0x00000000caa00000, 0x00000000caa00000| Complete 
|  31|0x00000000cab00000, 0x00000000cac00000, 0x00000000cac00000|100%| E|CS|TAMS 0x00000000cab00000, 0x00000000cab00000| Complete 
|  32|0x00000000cac00000, 0x00000000cad00000, 0x00000000cad00000|100%| E|CS|TAMS 0x00000000cac00000, 0x00000000cac00000| Complete 
|  33|0x00000000cad00000, 0x00000000cae00000, 0x00000000cae00000|100%| E|CS|TAMS 0x00000000cad00000, 0x00000000cad00000| Complete 
|  34|0x00000000cae00000, 0x00000000caf00000, 0x00000000caf00000|100%| E|CS|TAMS 0x00000000cae00000, 0x00000000cae00000| Complete 
|  35|0x00000000caf00000, 0x00000000cb000000, 0x00000000cb000000|100%| E|CS|TAMS 0x00000000caf00000, 0x00000000caf00000| Complete 
|  36|0x00000000cb000000, 0x00000000cb100000, 0x00000000cb100000|100%| E|CS|TAMS 0x00000000cb000000, 0x00000000cb000000| Complete 
|  37|0x00000000cb100000, 0x00000000cb200000, 0x00000000cb200000|100%| E|CS|TAMS 0x00000000cb100000, 0x00000000cb100000| Complete 
|  38|0x00000000cb200000, 0x00000000cb300000, 0x00000000cb300000|100%| E|CS|TAMS 0x00000000cb200000, 0x00000000cb200000| Complete 
|  39|0x00000000cb300000, 0x00000000cb400000, 0x00000000cb400000|100%| E|CS|TAMS 0x00000000cb300000, 0x00000000cb300000| Complete 
|  40|0x00000000cb400000, 0x00000000cb500000, 0x00000000cb500000|100%| E|CS|TAMS 0x00000000cb400000, 0x00000000cb400000| Complete 
|  41|0x00000000cb500000, 0x00000000cb600000, 0x00000000cb600000|100%| E|CS|TAMS 0x00000000cb500000, 0x00000000cb500000| Complete 
|  42|0x00000000cb600000, 0x00000000cb700000, 0x00000000cb700000|100%| E|CS|TAMS 0x00000000cb600000, 0x00000000cb600000| Complete 
|  43|0x00000000cb700000, 0x00000000cb800000, 0x00000000cb800000|100%| E|CS|TAMS 0x00000000cb700000, 0x00000000cb700000| Complete 
|  44|0x00000000cb800000, 0x00000000cb900000, 0x00000000cb900000|100%| E|CS|TAMS 0x00000000cb800000, 0x00000000cb800000| Complete 
|  45|0x00000000cb900000, 0x00000000cba00000, 0x00000000cba00000|100%| E|CS|TAMS 0x00000000cb900000, 0x00000000cb900000| Complete 
|  46|0x00000000cba00000, 0x00000000cbb00000, 0x00000000cbb00000|100%| E|CS|TAMS 0x00000000cba00000, 0x00000000cba00000| Complete 
|  47|0x00000000cbb00000, 0x00000000cbc00000, 0x00000000cbc00000|100%| E|CS|TAMS 0x00000000cbb00000, 0x00000000cbb00000| Complete 
|  48|0x00000000cbc00000, 0x00000000cbd00000, 0x00000000cbd00000|100%| E|CS|TAMS 0x00000000cbc00000, 0x00000000cbc00000| Complete 
|  49|0x00000000cbd00000, 0x00000000cbe00000, 0x00000000cbe00000|100%| E|CS|TAMS 0x00000000cbd00000, 0x00000000cbd00000| Complete 
|  50|0x00000000cbe00000, 0x00000000cbf00000, 0x00000000cbf00000|100%| E|CS|TAMS 0x00000000cbe00000, 0x00000000cbe00000| Complete 
|  51|0x00000000cbf00000, 0x00000000cc000000, 0x00000000cc000000|100%| E|CS|TAMS 0x00000000cbf00000, 0x00000000cbf00000| Complete 
|  52|0x00000000cc000000, 0x00000000cc100000, 0x00000000cc100000|100%| E|CS|TAMS 0x00000000cc000000, 0x00000000cc000000| Complete 
|  53|0x00000000cc100000, 0x00000000cc200000, 0x00000000cc200000|100%| E|CS|TAMS 0x00000000cc100000, 0x00000000cc100000| Complete 
|  54|0x00000000cc200000, 0x00000000cc300000, 0x00000000cc300000|100%| E|CS|TAMS 0x00000000cc200000, 0x00000000cc200000| Complete 
|  55|0x00000000cc300000, 0x00000000cc400000, 0x00000000cc400000|100%| E|CS|TAMS 0x00000000cc300000, 0x00000000cc300000| Complete 

Card table byte_map: [0x00000201b6c60000,0x00000201b6e20000] _byte_map_base: 0x00000201b661a000

Marking Bits (Prev, Next): (CMBitMap*) 0x000002019f56f5c0, (CMBitMap*) 0x000002019f56f600
 Prev Bits: [0x00000201b6fe0000, 0x00000201b7db0000)
 Next Bits: [0x00000201b7db0000, 0x00000201b8b80000)

Polling page: 0x000002019d540000

Metaspace:

Usage:
  Non-class:     16.30 MB capacity,    16.10 MB ( 99%) used,   183.23 KB (  1%) free+waste,    27.19 KB ( <1%) overhead. 
      Class:      2.25 MB capacity,     2.17 MB ( 96%) used,    73.39 KB (  3%) free+waste,    11.00 KB ( <1%) overhead. 
       Both:     18.56 MB capacity,    18.27 MB ( 98%) used,   256.62 KB (  1%) free+waste,    38.19 KB ( <1%) overhead. 

Virtual space:
  Non-class space:       26.00 MB reserved,      16.50 MB ( 63%) committed 
      Class space:        1.00 GB reserved,       2.38 MB ( <1%) committed 
             Both:        1.03 GB reserved,      18.88 MB (  2%) committed 

Chunk freelists:
   Non-Class:  9.00 KB
       Class:  29.00 KB
        Both:  38.00 KB

MaxMetaspaceSize: 17179869184.00 GB
CompressedClassSpaceSize: 1.00 GB

CodeHeap 'non-profiled nmethods': size=120000Kb used=890Kb max_used=890Kb free=119109Kb
 bounds [0x00000201af240000, 0x00000201af4b0000, 0x00000201b6770000]
CodeHeap 'profiled nmethods': size=120000Kb used=5040Kb max_used=5040Kb free=114959Kb
 bounds [0x00000201a7d10000, 0x00000201a8200000, 0x00000201af240000]
CodeHeap 'non-nmethods': size=5760Kb used=1207Kb max_used=1232Kb free=4552Kb
 bounds [0x00000201a7770000, 0x00000201a79e0000, 0x00000201a7d10000]
 total_blobs=3006 nmethods=2539 adapters=378
 compilation: enabled
              stopped_count=0, restarted_count=0
 full_count=0

Compilation events (20 events):
Event: 3.047 Thread 0x00000201bb580010 2524       3       java.security.CodeSource::getCertificates (98 bytes)
Event: 3.049 Thread 0x00000201bb580010 nmethod 2524 0x00000201a81e6c10 code [0x00000201a81e6e80, 0x00000201a81e7c18]
Event: 3.050 Thread 0x00000201bb580010 2525       3       java.lang.Character::getType (9 bytes)
Event: 3.050 Thread 0x00000201bb580010 nmethod 2525 0x00000201a81e7f10 code [0x00000201a81e80c0, 0x00000201a81e8298]
Event: 3.056 Thread 0x00000201bb580010 2526       3       java.util.ArrayList::<init> (61 bytes)
Event: 3.057 Thread 0x00000201bb580010 nmethod 2526 0x00000201a81e8390 code [0x00000201a81e85e0, 0x00000201a81e8f58]
Event: 3.057 Thread 0x00000201bb580010 2528       3       org.springframework.core.ResolvableType::getInterfaces (68 bytes)
Event: 3.059 Thread 0x00000201bb580010 nmethod 2528 0x00000201a81e9290 code [0x00000201a81e9500, 0x00000201a81ea388]
Event: 3.059 Thread 0x00000201bb580010 2529       3       java.lang.Class::getGenericInterfaces (21 bytes)
Event: 3.060 Thread 0x00000201bb580010 nmethod 2529 0x00000201a81ea810 code [0x00000201a81eaa00, 0x00000201a81eaf58]
Event: 3.060 Thread 0x00000201bb580010 2531       3       java.lang.invoke.BootstrapMethodInvoker::maybeReBoxElements (24 bytes)
Event: 3.060 Thread 0x00000201bb580010 nmethod 2531 0x00000201a81eb110 code [0x00000201a81eb2e0, 0x00000201a81eb968]
Event: 3.060 Thread 0x00000201bb580010 2532       3       java.lang.reflect.Constructor::getRoot (5 bytes)
Event: 3.060 Thread 0x00000201bb580010 nmethod 2532 0x00000201a81ebb10 code [0x00000201a81ebca0, 0x00000201a81ebdb8]
Event: 3.060 Thread 0x00000201bb580010 2530       3       java.lang.invoke.LambdaFormEditor$TransformKey::inRange (36 bytes)
Event: 3.061 Thread 0x00000201bb580010 nmethod 2530 0x00000201a81ebe90 code [0x00000201a81ec020, 0x00000201a81ec178]
Event: 3.062 Thread 0x00000201bb580010 2533       1       sun.reflect.generics.tree.ClassSignature::getSuperInterfaces (5 bytes)
Event: 3.062 Thread 0x00000201bb580010 nmethod 2533 0x00000201af31dd90 code [0x00000201af31df20, 0x00000201af31dfd8]
Event: 3.062 Thread 0x00000201bb580010 2534       3       java.lang.invoke.MemberName::asSpecial (89 bytes)
Event: 3.063 Thread 0x00000201bb580010 nmethod 2534 0x00000201a81ec210 code [0x00000201a81ec4c0, 0x00000201a81ed168]

GC Heap History (10 events):
Event: 1.397 GC heap before
{Heap before GC invocations=0 (full 0):
 garbage-first heap   total 57344K, used 23552K [0x00000000c8c00000, 0x0000000100000000)
  region size 1024K, 23 young (23552K), 0 survivors (0K)
 Metaspace       used 6290K, capacity 7489K, committed 7808K, reserved 1064960K
  class space    used 696K, capacity 785K, committed 896K, reserved 1048576K
}
Event: 1.405 GC heap after
{Heap after GC invocations=1 (full 0):
 garbage-first heap   total 57344K, used 7613K [0x00000000c8c00000, 0x0000000100000000)
  region size 1024K, 3 young (3072K), 3 survivors (3072K)
 Metaspace       used 6290K, capacity 7489K, committed 7808K, reserved 1064960K
  class space    used 696K, capacity 785K, committed 896K, reserved 1048576K
}
Event: 1.709 GC heap before
{Heap before GC invocations=1 (full 0):
 garbage-first heap   total 57344K, used 28093K [0x00000000c8c00000, 0x0000000100000000)
  region size 1024K, 23 young (23552K), 3 survivors (3072K)
 Metaspace       used 11498K, capacity 12027K, committed 12160K, reserved 1069056K
  class space    used 1337K, capacity 1406K, committed 1408K, reserved 1048576K
}
Event: 1.714 GC heap after
{Heap after GC invocations=2 (full 0):
 garbage-first heap   total 57344K, used 8638K [0x00000000c8c00000, 0x0000000100000000)
  region size 1024K, 1 young (1024K), 1 survivors (1024K)
 Metaspace       used 11498K, capacity 12027K, committed 12160K, reserved 1069056K
  class space    used 1337K, capacity 1406K, committed 1408K, reserved 1048576K
}
Event: 2.215 GC heap before
{Heap before GC invocations=2 (full 0):
 garbage-first heap   total 57344K, used 30142K [0x00000000c8c00000, 0x0000000100000000)
  region size 1024K, 23 young (23552K), 1 survivors (1024K)
 Metaspace       used 15019K, capacity 15291K, committed 15488K, reserved 1071104K
  class space    used 1794K, capacity 1867K, committed 1920K, reserved 1048576K
}
Event: 2.218 GC heap after
{Heap after GC invocations=3 (full 0):
 garbage-first heap   total 57344K, used 9762K [0x00000000c8c00000, 0x0000000100000000)
  region size 1024K, 3 young (3072K), 3 survivors (3072K)
 Metaspace       used 15019K, capacity 15291K, committed 15488K, reserved 1071104K
  class space    used 1794K, capacity 1867K, committed 1920K, reserved 1048576K
}
Event: 2.228 GC heap before
{Heap before GC invocations=3 (full 0):
 garbage-first heap   total 57344K, used 33314K [0x00000000c8c00000, 0x0000000100000000)
  region size 1024K, 27 young (27648K), 3 survivors (3072K)
 Metaspace       used 15042K, capacity 15291K, committed 15488K, reserved 1071104K
  class space    used 1797K, capacity 1867K, committed 1920K, reserved 1048576K
}
Event: 2.232 GC heap after
{Heap after GC invocations=4 (full 0):
 garbage-first heap   total 57344K, used 9902K [0x00000000c8c00000, 0x0000000100000000)
  region size 1024K, 2 young (2048K), 2 survivors (2048K)
 Metaspace       used 15042K, capacity 15291K, committed 15488K, reserved 1071104K
  class space    used 1797K, capacity 1867K, committed 1920K, reserved 1048576K
}
Event: 2.604 GC heap before
{Heap before GC invocations=4 (full 0):
 garbage-first heap   total 57344K, used 39598K [0x00000000c8c00000, 0x0000000100000000)
  region size 1024K, 32 young (32768K), 2 survivors (2048K)
 Metaspace       used 16451K, capacity 16736K, committed 16896K, reserved 1073152K
  class space    used 1929K, capacity 2004K, committed 2048K, reserved 1048576K
}
Event: 2.607 GC heap after
{Heap after GC invocations=5 (full 0):
 garbage-first heap   total 57344K, used 10776K [0x00000000c8c00000, 0x0000000100000000)
  region size 1024K, 3 young (3072K), 3 survivors (3072K)
 Metaspace       used 16451K, capacity 16736K, committed 16896K, reserved 1073152K
  class space    used 1929K, capacity 2004K, committed 2048K, reserved 1048576K
}

Deoptimization events (20 events):
Event: 2.742 Thread 0x000002019f53f540 DEOPT PACKING pc=0x00000201af30519c sp=0x000000d91b4fe190
Event: 2.742 Thread 0x000002019f53f540 DEOPT UNPACKING pc=0x00000201a77be42f sp=0x000000d91b4fddf8 mode 2
Event: 2.809 Thread 0x000002019f53f540 Uncommon trap: trap_request=0xffffffde fr.pc=0x00000201af2fe39c relative=0x000000000000079c
Event: 2.809 Thread 0x000002019f53f540 Uncommon trap: reason=class_check action=maybe_recompile pc=0x00000201af2fe39c method=java.util.HashMap.putVal(ILjava/lang/Object;Ljava/lang/Object;ZZ)Ljava/lang/Object; @ 203 c2
Event: 2.809 Thread 0x000002019f53f540 DEOPT PACKING pc=0x00000201af2fe39c sp=0x000000d91b4fe8c0
Event: 2.809 Thread 0x000002019f53f540 DEOPT UNPACKING pc=0x00000201a77be42f sp=0x000000d91b4fe7d0 mode 2
Event: 2.903 Thread 0x000002019f53f540 Uncommon trap: trap_request=0xffffffde fr.pc=0x00000201af2fe39c relative=0x000000000000079c
Event: 2.903 Thread 0x000002019f53f540 Uncommon trap: reason=class_check action=maybe_recompile pc=0x00000201af2fe39c method=java.util.HashMap.putVal(ILjava/lang/Object;Ljava/lang/Object;ZZ)Ljava/lang/Object; @ 203 c2
Event: 2.903 Thread 0x000002019f53f540 DEOPT PACKING pc=0x00000201af2fe39c sp=0x000000d91b4fdc00
Event: 2.903 Thread 0x000002019f53f540 DEOPT UNPACKING pc=0x00000201a77be42f sp=0x000000d91b4fdb10 mode 2
Event: 2.985 Thread 0x000002019f53f540 Uncommon trap: trap_request=0xffffff45 fr.pc=0x00000201af2a20d4 relative=0x00000000000002b4
Event: 2.985 Thread 0x000002019f53f540 Uncommon trap: reason=unstable_if action=reinterpret pc=0x00000201af2a20d4 method=jdk.internal.org.objectweb.asm.SymbolTable.put(Ljdk/internal/org/objectweb/asm/SymbolTable$Entry;)Ljdk/internal/org/objectweb/asm/SymbolTable$Entry; @ 13 c2
Event: 2.985 Thread 0x000002019f53f540 DEOPT PACKING pc=0x00000201af2a20d4 sp=0x000000d91b4fd730
Event: 2.985 Thread 0x000002019f53f540 DEOPT UNPACKING pc=0x00000201a77be42f sp=0x000000d91b4fd6b0 mode 2
Event: 3.020 Thread 0x000002019f53f540 Uncommon trap: trap_request=0xffffff45 fr.pc=0x00000201af31c16c relative=0x000000000000060c
Event: 3.020 Thread 0x000002019f53f540 Uncommon trap: reason=unstable_if action=reinterpret pc=0x00000201af31c16c method=org.springframework.beans.factory.support.AbstractBeanFactory.getMergedLocalBeanDefinition(Ljava/lang/String;)Lorg/springframework/beans/factory/support/RootBeanDefinition; 
Event: 3.020 Thread 0x000002019f53f540 DEOPT PACKING pc=0x00000201af31c16c sp=0x000000d91b4fe300
Event: 3.020 Thread 0x000002019f53f540 DEOPT UNPACKING pc=0x00000201a77be42f sp=0x000000d91b4fe2b8 mode 2
Event: 3.059 Thread 0x000002019f53f540 DEOPT PACKING pc=0x00000201a7fe8d4c sp=0x000000d91b4fd880
Event: 3.059 Thread 0x000002019f53f540 DEOPT UNPACKING pc=0x00000201a77be23f sp=0x000000d91b4fcdd8 mode 0

Classes unloaded (0 events):
No events

Classes redefined (0 events):
No events

Internal exceptions (20 events):
Event: 1.732 Thread 0x00000201bcc84240 Exception <a 'java/lang/IncompatibleClassChangeError'{0x00000000cc3ca5d0}: Found class java.lang.Object, but interface was expected> (0x00000000cc3ca5d0) 
thrown [./open/src/hotspot/share/interpreter/linkResolver.cpp, line 848]
Event: 1.746 Thread 0x00000201bcc84240 Exception <a 'java/lang/NoSuchMethodError'{0x00000000cc2ae1b0}: 'java.lang.Object java.lang.invoke.DirectMethodHandle$Holder.invokeVirtual(java.lang.Object, java.lang.Object, java.lang.Object, java.lang.Object)'> (0x00000000cc2ae1b0) 
thrown [./open/src/hotspot/share/interpreter/linkResolver.cpp, line 782]
Event: 1.821 Thread 0x000002019f53f540 Exception <a 'java/lang/NoClassDefFoundError'{0x00000000cc0bc2d8}: javax/validation/ValidationException> (0x00000000cc0bc2d8) 
thrown [./open/src/hotspot/share/classfile/systemDictionary.cpp, line 284]
Event: 1.863 Thread 0x000002019f53f540 Exception <a 'java/lang/NoSuchMethodError'{0x00000000cbfb1598}: 'org.slf4j.impl.StaticMDCBinder org.slf4j.impl.StaticMDCBinder.getSingleton()'> (0x00000000cbfb1598) 
thrown [./open/src/hotspot/share/interpreter/linkResolver.cpp, line 782]
Event: 2.028 Thread 0x000002019f53f540 Exception <a 'java/lang/ClassNotFoundException'{0x00000000cbbd1d58}: java/lang/ObjectCustomizer> (0x00000000cbbd1d58) 
thrown [./open/src/hotspot/share/classfile/systemDictionary.cpp, line 295]
Event: 2.030 Thread 0x000002019f53f540 Exception <a 'java/lang/IncompatibleClassChangeError'{0x00000000cbbd6d28}: Found class java.lang.Object, but interface was expected> (0x00000000cbbd6d28) 
thrown [./open/src/hotspot/share/interpreter/linkResolver.cpp, line 848]
Event: 2.038 Thread 0x000002019f53f540 Exception <a 'java/lang/ClassNotFoundException'{0x00000000cba074a0}: org/springframework/context/annotation/ConfigurationClassPostProcessorCustomizer> (0x00000000cba074a0) 
thrown [./open/src/hotspot/share/classfile/systemDictionary.cpp, line 295]
Event: 2.047 Thread 0x000002019f53f540 Exception <a 'java/lang/ClassNotFoundException'{0x00000000cba579d8}: org/springframework/beans/factory/support/BeanDefinitionRegistryPostProcessorCustomizer> (0x00000000cba579d8) 
thrown [./open/src/hotspot/share/classfile/systemDictionary.cpp, line 295]
Event: 2.047 Thread 0x000002019f53f540 Exception <a 'java/lang/ClassNotFoundException'{0x00000000cba5bcf0}: org/springframework/beans/factory/config/BeanFactoryPostProcessorCustomizer> (0x00000000cba5bcf0) 
thrown [./open/src/hotspot/share/classfile/systemDictionary.cpp, line 295]
Event: 2.048 Thread 0x000002019f53f540 Exception <a 'java/lang/ClassNotFoundException'{0x00000000cba5ffb8}: org/springframework/core/PriorityOrderedCustomizer> (0x00000000cba5ffb8) 
thrown [./open/src/hotspot/share/classfile/systemDictionary.cpp, line 295]
Event: 2.048 Thread 0x000002019f53f540 Exception <a 'java/lang/ClassNotFoundException'{0x00000000cba62f38}: org/springframework/core/OrderedCustomizer> (0x00000000cba62f38) 
thrown [./open/src/hotspot/share/classfile/systemDictionary.cpp, line 295]
Event: 2.048 Thread 0x000002019f53f540 Exception <a 'java/lang/ClassNotFoundException'{0x00000000cba66fe0}: org/springframework/context/ResourceLoaderAwareCustomizer> (0x00000000cba66fe0) 
thrown [./open/src/hotspot/share/classfile/systemDictionary.cpp, line 295]
Event: 2.049 Thread 0x000002019f53f540 Exception <a 'java/lang/ClassNotFoundException'{0x00000000cba6b220}: org/springframework/beans/factory/AwareCustomizer> (0x00000000cba6b220) 
thrown [./open/src/hotspot/share/classfile/systemDictionary.cpp, line 295]
Event: 2.049 Thread 0x000002019f53f540 Exception <a 'java/lang/ClassNotFoundException'{0x00000000cba6e460}: org/springframework/beans/factory/BeanClassLoaderAwareCustomizer> (0x00000000cba6e460) 
thrown [./open/src/hotspot/share/classfile/systemDictionary.cpp, line 295]
Event: 2.049 Thread 0x000002019f53f540 Exception <a 'java/lang/ClassNotFoundException'{0x00000000cba72a70}: org/springframework/beans/factory/AwareCustomizer> (0x00000000cba72a70) 
thrown [./open/src/hotspot/share/classfile/systemDictionary.cpp, line 295]
Event: 2.050 Thread 0x000002019f53f540 Exception <a 'java/lang/ClassNotFoundException'{0x00000000cba75a50}: org/springframework/context/EnvironmentAwareCustomizer> (0x00000000cba75a50) 
thrown [./open/src/hotspot/share/classfile/systemDictionary.cpp, line 295]
Event: 2.050 Thread 0x000002019f53f540 Exception <a 'java/lang/ClassNotFoundException'{0x00000000cba79bf8}: org/springframework/beans/factory/AwareCustomizer> (0x00000000cba79bf8) 
thrown [./open/src/hotspot/share/classfile/systemDictionary.cpp, line 295]
Event: 2.166 Thread 0x000002019f53f540 Exception <a 'java/lang/NoSuchMethodError'{0x00000000cb7be088}: 'int java.lang.invoke.DirectMethodHandle$Holder.invokeSpecialIFC(java.lang.Object, java.lang.Object, java.lang.Object, java.lang.Object)'> (0x00000000cb7be088) 
thrown [./open/src/hotspot/share/interpreter/linkResolver.cpp, line 782]
Event: 2.282 Thread 0x000002019f53f540 Exception <a 'java/lang/IncompatibleClassChangeError'{0x00000000cbd27668}: Found class java.lang.Object, but interface was expected> (0x00000000cbd27668) 
thrown [./open/src/hotspot/share/interpreter/linkResolver.cpp, line 848]
Event: 2.326 Thread 0x000002019f53f540 Exception <a 'java/lang/NoSuchMethodError'{0x00000000cbccec70}: 'void java.lang.invoke.DirectMethodHandle$Holder.invokeInterface(java.lang.Object, java.lang.Object, java.lang.Object, java.lang.Object)'> (0x00000000cbccec70) 
thrown [./open/src/hotspot/share/interpreter/linkResolver.cpp, line 782]

Events (20 events):
Event: 2.922 loading class java/lang/UnsupportedClassVersionError
Event: 2.922 loading class java/lang/ClassFormatError
Event: 2.922 loading class java/lang/ClassFormatError done
Event: 2.922 loading class java/lang/UnsupportedClassVersionError done
Event: 2.956 Executing VM operation: ICBufferFull
Event: 2.956 Executing VM operation: ICBufferFull done
Event: 2.956 Executing VM operation: HandshakeAllThreads
Event: 2.956 Executing VM operation: HandshakeAllThreads done
Event: 2.992 loading class java/util/stream/MatchOps$1MatchSink
Event: 2.993 loading class java/util/stream/MatchOps$1MatchSink done
Event: 2.997 Executing VM operation: HandshakeAllThreads
Event: 2.997 Executing VM operation: HandshakeAllThreads done
Event: 3.018 Executing VM operation: HandshakeAllThreads
Event: 3.018 Executing VM operation: HandshakeAllThreads done
Event: 3.025 Executing VM operation: HandshakeAllThreads
Event: 3.025 Executing VM operation: HandshakeAllThreads done
Event: 3.026 Executing VM operation: HandshakeAllThreads
Event: 3.026 Executing VM operation: HandshakeAllThreads done
Event: 3.059 Executing VM operation: HandshakeAllThreads
Event: 3.059 Executing VM operation: HandshakeAllThreads done


Dynamic libraries:
0x00007ff7d3440000 - 0x00007ff7d344f000 	C:\Program Files\Java\jdk-15.0.1\bin\java.exe
0x00007ffadd4b0000 - 0x00007ffadd6a5000 	C:\Windows\SYSTEM32\ntdll.dll
0x00007ffadb510000 - 0x00007ffadb5ce000 	C:\Windows\System32\KERNEL32.DLL
0x00007ffadb080000 - 0x00007ffadb348000 	C:\Windows\System32\KERNELBASE.dll
0x00007ffadb410000 - 0x00007ffadb510000 	C:\Windows\System32\ucrtbase.dll
0x00007ffaa8ef0000 - 0x00007ffaa8f08000 	C:\Program Files\Java\jdk-15.0.1\bin\jli.dll
0x00007ffaa96a0000 - 0x00007ffaa96b9000 	C:\Program Files\Java\jdk-15.0.1\bin\VCRUNTIME140.dll
0x00007ffadcc00000 - 0x00007ffadccae000 	C:\Windows\System32\ADVAPI32.dll
0x00007ffadb950000 - 0x00007ffadb9ee000 	C:\Windows\System32\msvcrt.dll
0x00007ffadb5d0000 - 0x00007ffadb66c000 	C:\Windows\System32\sechost.dll
0x00007ffadbb50000 - 0x00007ffadbc75000 	C:\Windows\System32\RPCRT4.dll
0x00007ffadbc80000 - 0x00007ffadbe20000 	C:\Windows\System32\USER32.dll
0x00007ffac6a20000 - 0x00007ffac6cba000 	C:\Windows\WinSxS\amd64_microsoft.windows.common-controls_6595b64144ccf1df_6.0.19041.1110_none_60b5254171f9507e\COMCTL32.dll
0x00007ffadb3e0000 - 0x00007ffadb402000 	C:\Windows\System32\win32u.dll
0x00007ffadbaa0000 - 0x00007ffadbacb000 	C:\Windows\System32\GDI32.dll
0x00007ffadae00000 - 0x00007ffadaf0b000 	C:\Windows\System32\gdi32full.dll
0x00007ffadad60000 - 0x00007ffadadfd000 	C:\Windows\System32\msvcp_win.dll
0x00007ffacfee0000 - 0x00007ffacfeea000 	C:\Windows\SYSTEM32\VERSION.dll
0x00007ffadc130000 - 0x00007ffadc160000 	C:\Windows\System32\IMM32.DLL
0x00007ffabbed0000 - 0x00007ffabbedc000 	C:\Program Files\Java\jdk-15.0.1\bin\vcruntime140_1.dll
0x00007ffa9c5e0000 - 0x00007ffa9c671000 	C:\Program Files\Java\jdk-15.0.1\bin\msvcp140.dll
0x00007ffa674e0000 - 0x00007ffa6803e000 	C:\Program Files\Java\jdk-15.0.1\bin\server\jvm.dll
0x00007ffadb940000 - 0x00007ffadb948000 	C:\Windows\System32\PSAPI.DLL
0x00007fface5c0000 - 0x00007fface5e7000 	C:\Windows\SYSTEM32\WINMM.dll
0x00007ffabdc30000 - 0x00007ffabdc39000 	C:\Windows\SYSTEM32\WSOCK32.dll
0x00007ffadccb0000 - 0x00007ffadcd1b000 	C:\Windows\System32\WS2_32.dll
0x00007ffad8b30000 - 0x00007ffad8b42000 	C:\Windows\SYSTEM32\kernel.appcore.dll
0x00007ffaba6f0000 - 0x00007ffaba6fa000 	C:\Program Files\Java\jdk-15.0.1\bin\jimage.dll
0x00007ffad82e0000 - 0x00007ffad84c4000 	C:\Windows\SYSTEM32\DBGHELP.DLL
0x00007ffad2040000 - 0x00007ffad206c000 	C:\Windows\SYSTEM32\dbgcore.DLL
0x00007ffadb350000 - 0x00007ffadb3d2000 	C:\Windows\System32\bcryptPrimitives.dll
0x00007ffacb8f0000 - 0x00007ffacb8fe000 	C:\Program Files\Java\jdk-15.0.1\bin\instrument.dll
0x00007ffaa3de0000 - 0x00007ffaa3e05000 	C:\Program Files\Java\jdk-15.0.1\bin\java.dll
0x00007ffadcd20000 - 0x00007ffadd464000 	C:\Windows\System32\SHELL32.dll
0x00007ffad8ce0000 - 0x00007ffad9474000 	C:\Windows\SYSTEM32\windows.storage.dll
0x00007ffadc7f0000 - 0x00007ffadcb44000 	C:\Windows\System32\combase.dll
0x00007ffada5c0000 - 0x00007ffada5ec000 	C:\Windows\SYSTEM32\Wldp.dll
0x00007ffadcb50000 - 0x00007ffadcbfd000 	C:\Windows\System32\SHCORE.dll
0x00007ffadbf10000 - 0x00007ffadbf65000 	C:\Windows\System32\shlwapi.dll
0x00007ffadab10000 - 0x00007ffadab2f000 	C:\Windows\SYSTEM32\profapi.dll
0x00007ffaa70e0000 - 0x00007ffaa70f8000 	C:\Program Files\Java\jdk-15.0.1\bin\zip.dll
0x00007ffaa81b0000 - 0x00007ffaa81c9000 	C:\Program Files\Java\jdk-15.0.1\bin\net.dll
0x00007ffad08e0000 - 0x00007ffad09e9000 	C:\Windows\SYSTEM32\WINHTTP.dll
0x00007ffada2c0000 - 0x00007ffada32a000 	C:\Windows\system32\mswsock.dll
0x00007ffaa7b00000 - 0x00007ffaa7b12000 	C:\Program Files\Java\jdk-15.0.1\bin\nio.dll
0x00007ffabbff0000 - 0x00007ffabc00a000 	C:\Program Files\JetBrains\IntelliJ IDEA Community Edition 2021.3.2\bin\breakgen64.dll
0x00007ffaba680000 - 0x00007ffaba690000 	C:\Program Files\Java\jdk-15.0.1\bin\verify.dll
0x00007ffab8120000 - 0x00007ffab8129000 	C:\Program Files\Java\jdk-15.0.1\bin\management.dll
0x00007ffab7d40000 - 0x00007ffab7d4b000 	C:\Program Files\Java\jdk-15.0.1\bin\management_ext.dll
0x00007ffaba3e0000 - 0x00007ffaba3f7000 	C:\Windows\system32\napinsp.dll
0x00007ffaba3c0000 - 0x00007ffaba3db000 	C:\Windows\system32\pnrpnsp.dll
0x00007ffad53f0000 - 0x00007ffad5405000 	C:\Windows\system32\wshbth.dll
0x00007ffad4b80000 - 0x00007ffad4b9d000 	C:\Windows\system32\NLAapi.dll
0x00007ffad9fb0000 - 0x00007ffad9feb000 	C:\Windows\SYSTEM32\IPHLPAPI.DLL
0x00007ffad9ff0000 - 0x00007ffada0ba000 	C:\Windows\SYSTEM32\DNSAPI.dll
0x00007ffadbe20000 - 0x00007ffadbe28000 	C:\Windows\System32\NSI.dll
0x00007ffab8bc0000 - 0x00007ffab8bd2000 	C:\Windows\System32\winrnr.dll
0x00007ffad3090000 - 0x00007ffad309a000 	C:\Windows\System32\rasadhlp.dll
0x00007ffad0b80000 - 0x00007ffad0bff000 	C:\Windows\System32\fwpuclnt.dll
0x00007ffadabd0000 - 0x00007ffadabf7000 	C:\Windows\System32\bcrypt.dll

dbghelp: loaded successfully - version: 4.0.5 - missing functions: none
symbol engine: initialized successfully - sym options: 0x614 - pdb path: .;C:\Program Files\Java\jdk-15.0.1\bin;C:\Windows\SYSTEM32;C:\Windows\WinSxS\amd64_microsoft.windows.common-controls_6595b64144ccf1df_6.0.19041.1110_none_60b5254171f9507e;C:\Program Files\Java\jdk-15.0.1\bin\server;C:\Program Files\JetBrains\IntelliJ IDEA Community Edition 2021.3.2\bin

VM Arguments:
jvm_args: -javaagent:C:\Program Files\JetBrains\IntelliJ IDEA Community Edition 2021.3.2\lib\idea_rt.jar=60036:C:\Program Files\JetBrains\IntelliJ IDEA Community Edition 2021.3.2\bin -Dfile.encoding=UTF-8 
java_command: com.st.travelsmartapi.TravelsmartApiApplication
java_class_path (initial): C:\Users\kjagj\Desktop\ourbestpost\projects\travelsmart-api\travelsmart-api\target\classes;C:\Users\kjagj\.m2\repository\org\springframework\boot\spring-boot-starter-data-jpa\2.3.0.RELEASE\spring-boot-starter-data-jpa-2.3.0.RELEASE.jar;C:\Users\kjagj\.m2\repository\org\springframework\boot\spring-boot-starter-aop\2.3.0.RELEASE\spring-boot-starter-aop-2.3.0.RELEASE.jar;C:\Users\kjagj\.m2\repository\org\springframework\spring-aop\5.2.6.RELEASE\spring-aop-5.2.6.RELEASE.jar;C:\Users\kjagj\.m2\repository\org\aspectj\aspectjweaver\1.9.5\aspectjweaver-1.9.5.jar;C:\Users\kjagj\.m2\repository\org\springframework\boot\spring-boot-starter-jdbc\2.3.0.RELEASE\spring-boot-starter-jdbc-2.3.0.RELEASE.jar;C:\Users\kjagj\.m2\repository\com\zaxxer\HikariCP\3.4.5\HikariCP-3.4.5.jar;C:\Users\kjagj\.m2\repository\org\springframework\spring-jdbc\5.2.6.RELEASE\spring-jdbc-5.2.6.RELEASE.jar;C:\Users\kjagj\.m2\repository\jakarta\transaction\jakarta.transaction-api\1.3.3\jakarta.transaction-api-1.3.3.jar;C:\Users\kjagj\.m2\repository\jakarta\persistence\jakarta.persistence-api\2.2.3\jakarta.persistence-api-2.2.3.jar;C:\Users\kjagj\.m2\repository\org\hibernate\hibernate-core\5.4.15.Final\hibernate-core-5.4.15.Final.jar;C:\Users\kjagj\.m2\repository\org\jboss\logging\jboss-logging\3.4.1.Final\jboss-logging-3.4.1.Final.jar;C:\Users\kjagj\.m2\repository\org\javassist\javassist\3.24.0-GA\javassist-3.24.0-GA.jar;C:\Users\kjagj\.m2\repository\net\bytebuddy\byte-buddy\1.10.10\byte-buddy-1.10.10.jar;C:\Users\kjagj\.m2\repository\antlr\antlr\2.7.7\antlr-2.7.7.jar;C:\Users\kjagj\.m2\repository\org\jboss\jandex\2.1.3.Final\jandex-2.1.3.Final.jar;C:\Users\kjagj\.m2\repository\org\dom4j\dom4j\2.1.3\dom4j-2.1.3.jar;C:\Users\kjagj\.m2\repository\org\hibernate\common\hibernate-commons-annotations\5.1.0.Final\hibernate-commons-annotations-5.1.0.Final.jar;C:\Users\kjagj\.m2\repository\org\glassfish\jaxb\jaxb-runtime\2.3.3\jaxb-runtime-2.3.3.jar;C:\Users\kjagj\.m2\repository\org\glas
Launcher Type: SUN_STANDARD

[Global flags]
     intx CICompilerCount                          = 4                                         {product} {ergonomic}
     uint ConcGCThreads                            = 2                                         {product} {ergonomic}
     uint G1ConcRefinementThreads                  = 8                                         {product} {ergonomic}
   size_t G1HeapRegionSize                         = 1048576                                   {product} {ergonomic}
    uintx GCDrainStackTargetSize                   = 64                                        {product} {ergonomic}
   size_t InitialHeapSize                          = 58720256                                  {product} {ergonomic}
   size_t MarkStackSize                            = 4194304                                   {product} {ergonomic}
   size_t MaxHeapSize                              = 926941184                                 {product} {ergonomic}
   size_t MaxNewSize                               = 555745280                                 {product} {ergonomic}
   size_t MinHeapDeltaBytes                        = 1048576                                   {product} {ergonomic}
   size_t MinHeapSize                              = 8388608                                   {product} {ergonomic}
    uintx NonNMethodCodeHeapSize                   = 5839372                                {pd product} {ergonomic}
    uintx NonProfiledCodeHeapSize                  = 122909434                              {pd product} {ergonomic}
    uintx ProfiledCodeHeapSize                     = 122909434                              {pd product} {ergonomic}
    uintx ReservedCodeCacheSize                    = 251658240                              {pd product} {ergonomic}
     bool SegmentedCodeCache                       = true                                      {product} {ergonomic}
   size_t SoftMaxHeapSize                          = 926941184                              {manageable} {ergonomic}
     bool UseCompressedClassPointers               = true                                 {lp64_product} {ergonomic}
     bool UseCompressedOops                        = true                                 {lp64_product} {ergonomic}
     bool UseG1GC                                  = true                                      {product} {ergonomic}
     bool UseLargePagesIndividualAllocation        = false                                  {pd product} {ergonomic}

Logging:
Log output configuration:
 #0: stdout all=warning uptime,level,tags
 #1: stderr all=off uptime,level,tags

Environment Variables:
PATH=C:\Users\kjagj\db_home\bin;C:\Program Files\Common Files\Oracle\Java\javapath;C:\Windows\system32;C:\Windows;C:\Windows\System32\Wbem;C:\Windows\System32\WindowsPowerShell\v1.0\;C:\Windows\System32\OpenSSH\;C:\Program Files\Git\cmd;C:\Users\kjagj\AppData\Roaming\npm;C:\Program Files\nodejs\;C:\Users\kjagj\AppData\Local\Microsoft\WindowsApps;C:\Users\kjagj\AppData\Roaming\npm;C:\Users\kjagj\AppData\Local\Programs\Microsoft VS Code\bin;C:\Users\kjagj\AppData\Local\Android\Sdk\platform-tools;C:\Users\kjagj\AppData\Roaming\npm;
USERNAME=kjagj
OS=Windows_NT
PROCESSOR_IDENTIFIER=AMD64 Family 23 Model 24 Stepping 1, AuthenticAMD



---------------  S Y S T E M  ---------------

OS:
 Windows 10 , 64 bit Build 19041 (10.0.19041.1566)
OS uptime: 6 days 16:42 hours

CPU: total 8 (initial active 8) (8 cores per cpu, 2 threads per core) family 23 model 24 stepping 1 microcode 0x0, cmov, cx8, fxsr, mmx, sse, sse2, sse3, ssse3, sse4.1, sse4.2, popcnt, vzeroupper, avx, avx2, aes, clmul, 3dnowpref, lzcnt, sse4a, ht, tsc, tscinvbit, tscinv, bmi1, bmi2, adx, sha, fma, clflush, clflushopt

Memory: 4k page, system-wide physical 3531M (170M free)
TotalPageFile size 14283M (AvailPageFile size 0M)
current process WorkingSet (physical memory assigned to process): 125M, peak: 125M
current process commit charge ("private bytes"): 186M, peak: 186M

vm_info: Java HotSpot(TM) 64-Bit Server VM (15.0.1+9-18) for windows-amd64 JRE (15.0.1+9-18), built on Sep 15 2020 14:43:54 by "mach5one" with unknown MS VC++:1925

END.
