#
# There is insufficient memory for the Java Runtime Environment to continue.
# Native memory allocation (malloc) failed to allocate 942736 bytes for Chunk::new
# Possible reasons:
#   The system is out of physical RAM or swap space
#   The process is running with CompressedOops enabled, and the Java Heap may be blocking the growth of the native heap
# Possible solutions:
#   Reduce memory load on the system
#   Increase physical memory or swap space
#   Check if swap backing store is full
#   Decrease Java heap size (-Xmx/-Xms)
#   Decrease number of Java threads
#   Decrease Java thread stack sizes (-Xss)
#   Set larger code cache with -XX:ReservedCodeCacheSize=
#   JVM is running with Unscaled Compressed Oops mode in which the Java heap is
#     placed in the first 4GB address space. The Java Heap base address is the
#     maximum limit for the native heap growth. Please use -XX:HeapBaseMinAddress
#     to set the Java Heap base and to place the Java Heap above 4GB virtual address.
# This output file may be truncated or incomplete.
#
#  Out of Memory Error (./open/src/hotspot/share/memory/arena.cpp:195), pid=10056, tid=8068
#
# JRE version: Java(TM) SE Runtime Environment (15.0.1+9) (build 15.0.1+9-18)
# Java VM: Java HotSpot(TM) 64-Bit Server VM (15.0.1+9-18, mixed mode, sharing, tiered, compressed oops, g1 gc, windows-amd64)
# No core dump will be written. Minidumps are not enabled by default on client versions of Windows
#

---------------  S U M M A R Y ------------

Command Line: C:\Users\kjagj\AppData\Local\Temp\surefire18090768216130568310\surefirebooter10679086504903946092.jar C:\Users\kjagj\AppData\Local\Temp\surefire18090768216130568310 2022-03-17T16-45-20_936-jvmRun1 surefire1123650800989177707tmp surefire_09403779245833198479tmp

Host: AMD Ryzen 5 3500U with Radeon Vega Mobile Gfx  , 8 cores, 3G,  Windows 10 , 64 bit Build 19041 (10.0.19041.1566)
Time: Thu Mar 17 16:45:23 2022 India Standard Time elapsed time: 2.347703 seconds (0d 0h 0m 2s)

---------------  T H R E A D  ---------------

Current thread (0x00000150e4d47640):  JavaThread "C2 CompilerThread0" daemon [_thread_in_native, id=8068, stack(0x000000424f100000,0x000000424f200000)]


Current CompileTask:
C2:   2348 1779       4       java.net.URLStreamHandler::parseURL (1201 bytes)

Stack: [0x000000424f100000,0x000000424f200000]
Native frames: (J=compiled Java code, j=interpreted, Vv=VM code, C=native code)
V  [jvm.dll+0x62ae9a]
V  [jvm.dll+0x781389]
V  [jvm.dll+0x782ae3]
V  [jvm.dll+0x783143]
V  [jvm.dll+0x216265]
V  [jvm.dll+0x97efa]
V  [jvm.dll+0x985dc]
V  [jvm.dll+0x32e4c8]
V  [jvm.dll+0x2f78aa]
V  [jvm.dll+0x2f6c6a]
V  [jvm.dll+0x1ea645]
V  [jvm.dll+0x1e98ae]
V  [jvm.dll+0x1784c7]
V  [jvm.dll+0x1f9165]
V  [jvm.dll+0x1f720c]
V  [jvm.dll+0x74485d]
V  [jvm.dll+0x73d65a]
V  [jvm.dll+0x629c56]
C  [ucrtbase.dll+0x21bb2]
C  [KERNEL32.DLL+0x17034]
C  [ntdll.dll+0x52651]


---------------  P R O C E S S  ---------------

Threads class SMR info:
_java_thread_list=0x00000150e62b8450, length=13, elements={
0x00000150c851e030, 0x00000150e4d24640, 0x00000150e4d25210, 0x00000150e4d42320,
0x00000150e4d44cf0, 0x00000150e4d467b0, 0x00000150e4d47640, 0x00000150e4d4d5f0,
0x00000150e4d55ff0, 0x00000150e4f7c480, 0x00000150e4fb4740, 0x00000150e4ffccc0,
0x00000150e50322d0
}

Java Threads: ( => current thread )
  0x00000150c851e030 JavaThread "main" [_thread_in_vm, id=2456, stack(0x000000424e500000,0x000000424e600000)]
  0x00000150e4d24640 JavaThread "Reference Handler" daemon [_thread_blocked, id=2784, stack(0x000000424ec00000,0x000000424ed00000)]
  0x00000150e4d25210 JavaThread "Finalizer" daemon [_thread_blocked, id=9556, stack(0x000000424ed00000,0x000000424ee00000)]
  0x00000150e4d42320 JavaThread "Signal Dispatcher" daemon [_thread_blocked, id=5544, stack(0x000000424ee00000,0x000000424ef00000)]
  0x00000150e4d44cf0 JavaThread "Attach Listener" daemon [_thread_blocked, id=14812, stack(0x000000424ef00000,0x000000424f000000)]
  0x00000150e4d467b0 JavaThread "Service Thread" daemon [_thread_blocked, id=9536, stack(0x000000424f000000,0x000000424f100000)]
=>0x00000150e4d47640 JavaThread "C2 CompilerThread0" daemon [_thread_in_native, id=8068, stack(0x000000424f100000,0x000000424f200000)]
  0x00000150e4d4d5f0 JavaThread "C1 CompilerThread0" daemon [_thread_blocked, id=9760, stack(0x000000424f200000,0x000000424f300000)]
  0x00000150e4d55ff0 JavaThread "Sweeper thread" daemon [_thread_blocked, id=15744, stack(0x000000424f300000,0x000000424f400000)]
  0x00000150e4f7c480 JavaThread "Notification Thread" daemon [_thread_blocked, id=9324, stack(0x000000424f400000,0x000000424f500000)]
  0x00000150e4fb4740 JavaThread "Common-Cleaner" daemon [_thread_blocked, id=13692, stack(0x000000424f600000,0x000000424f700000)]
  0x00000150e4ffccc0 JavaThread "surefire-forkedjvm-command-thread" daemon [_thread_in_native, id=2276, stack(0x000000424f700000,0x000000424f800000)]
  0x00000150e50322d0 JavaThread "surefire-forkedjvm-ping-30s" daemon [_thread_blocked, id=9628, stack(0x000000424f800000,0x000000424f900000)]

Other Threads:
  0x00000150e4d20db0 VMThread "VM Thread" [stack: 0x000000424eb00000,0x000000424ec00000] [id=16288]
  0x00000150e4fa22a0 WatcherThread [stack: 0x000000424f500000,0x000000424f600000] [id=332]
  0x00000150c854cf70 GCTaskThread "GC Thread#0" [stack: 0x000000424e600000,0x000000424e700000] [id=15240]
  0x00000150e50ae510 GCTaskThread "GC Thread#1" [stack: 0x000000424f900000,0x000000424fa00000] [id=4260]
  0x00000150e50b0b50 GCTaskThread "GC Thread#2" [stack: 0x000000424fc00000,0x000000424fd00000] [id=12996]
  0x00000150e50b0e80 GCTaskThread "GC Thread#3" [stack: 0x000000424fd00000,0x000000424fe00000] [id=3340]
  0x00000150c8555f50 ConcurrentGCThread "G1 Main Marker" [stack: 0x000000424e700000,0x000000424e800000] [id=5136]
  0x00000150c85572e0 ConcurrentGCThread "G1 Conc#0" [stack: 0x000000424e800000,0x000000424e900000] [id=10268]
  0x00000150c85a6980 ConcurrentGCThread "G1 Refine#0" [stack: 0x000000424e900000,0x000000424ea00000] [id=10716]
  0x00000150e5b4e7f0 ConcurrentGCThread "G1 Refine#1" [stack: 0x000000424fa00000,0x000000424fb00000] [id=13836]
  0x00000150c85a7580 ConcurrentGCThread "G1 Young RemSet Sampling" [stack: 0x000000424ea00000,0x000000424eb00000] [id=15108]

Threads with active compile tasks:
C2 CompilerThread0     2388 1779       4       java.net.URLStreamHandler::parseURL (1201 bytes)

VM state: not at safepoint (normal execution)

VM Mutex/Monitor currently owned by a thread: None

Heap address: 0x00000000c8c00000, size: 884 MB, Compressed Oops mode: 32-bit
CDS archive(s) mapped at: [0x0000000800000000-0x0000000800b50000-0x0000000800b50000), size 11862016, SharedBaseAddress: 0x0000000800000000, ArchiveRelocationMode: 0.
Compressed class space mapped at: 0x0000000800b50000-0x0000000840b50000, size: 1073741824
Narrow klass base: 0x0000000800000000, Narrow klass shift: 3, Narrow klass range: 0x100000000

GC Precious Log:
 CPUs: 8 total, 8 available
 Memory: 3531M
 Large Page Support: Disabled
 NUMA Support: Disabled
 Compressed Oops: Enabled (32-bit)
 Heap Region Size: 1M
 Heap Min Capacity: 8M
 Heap Initial Capacity: 56M
 Heap Max Capacity: 884M
 Pre-touch: Disabled
 Parallel Workers: 8
 Concurrent Workers: 2
 Concurrent Refinement Workers: 8
 Periodic GC: Disabled

Heap:
 garbage-first heap   total 57344K, used 19479K [0x00000000c8c00000, 0x0000000100000000)
  region size 1024K, 13 young (13312K), 3 survivors (3072K)
 Metaspace       used 16958K, capacity 17249K, committed 17408K, reserved 1064960K
  class space    used 2092K, capacity 2201K, committed 2304K, reserved 1048576K

Heap Regions: E=young(eden), S=young(survivor), O=old, HS=humongous(starts), HC=humongous(continues), CS=collection set, F=free, OA=open archive, CA=closed archive, TAMS=top-at-mark-start (previous, next)
|   0|0x00000000c8c00000, 0x00000000c8d00000, 0x00000000c8d00000|100%|HS|  |TAMS 0x00000000c8c00000, 0x00000000c8c00000| Complete 
|   1|0x00000000c8d00000, 0x00000000c8e00000, 0x00000000c8e00000|100%| O|  |TAMS 0x00000000c8d00000, 0x00000000c8d00000| Untracked 
|   2|0x00000000c8e00000, 0x00000000c8f00000, 0x00000000c8f00000|100%| O|  |TAMS 0x00000000c8e00000, 0x00000000c8e00000| Untracked 
|   3|0x00000000c8f00000, 0x00000000c9000000, 0x00000000c9000000|100%| O|  |TAMS 0x00000000c8f00000, 0x00000000c8f00000| Untracked 
|   4|0x00000000c9000000, 0x00000000c9100000, 0x00000000c9100000|100%| O|  |TAMS 0x00000000c9000000, 0x00000000c9000000| Untracked 
|   5|0x00000000c9100000, 0x00000000c9200000, 0x00000000c9200000|100%| O|  |TAMS 0x00000000c9100000, 0x00000000c9100000| Untracked 
|   6|0x00000000c9200000, 0x00000000c9300000, 0x00000000c9300000|100%| O|  |TAMS 0x00000000c9200000, 0x00000000c9200000| Untracked 
|   7|0x00000000c9300000, 0x00000000c93eb800, 0x00000000c9400000| 91%| O|  |TAMS 0x00000000c9300000, 0x00000000c9300000| Untracked 
|   8|0x00000000c9400000, 0x00000000c9400000, 0x00000000c9500000|  0%| F|  |TAMS 0x00000000c9400000, 0x00000000c9400000| Untracked 
|   9|0x00000000c9500000, 0x00000000c9500000, 0x00000000c9600000|  0%| F|  |TAMS 0x00000000c9500000, 0x00000000c9500000| Untracked 
|  10|0x00000000c9600000, 0x00000000c9600000, 0x00000000c9700000|  0%| F|  |TAMS 0x00000000c9600000, 0x00000000c9600000| Untracked 
|  11|0x00000000c9700000, 0x00000000c9700000, 0x00000000c9800000|  0%| F|  |TAMS 0x00000000c9700000, 0x00000000c9700000| Untracked 
|  12|0x00000000c9800000, 0x00000000c9800000, 0x00000000c9900000|  0%| F|  |TAMS 0x00000000c9800000, 0x00000000c9800000| Untracked 
|  13|0x00000000c9900000, 0x00000000c9900000, 0x00000000c9a00000|  0%| F|  |TAMS 0x00000000c9900000, 0x00000000c9900000| Untracked 
|  14|0x00000000c9a00000, 0x00000000c9a00000, 0x00000000c9b00000|  0%| F|  |TAMS 0x00000000c9a00000, 0x00000000c9a00000| Untracked 
|  15|0x00000000c9b00000, 0x00000000c9b00000, 0x00000000c9c00000|  0%| F|  |TAMS 0x00000000c9b00000, 0x00000000c9b00000| Untracked 
|  16|0x00000000c9c00000, 0x00000000c9c00000, 0x00000000c9d00000|  0%| F|  |TAMS 0x00000000c9c00000, 0x00000000c9c00000| Untracked 
|  17|0x00000000c9d00000, 0x00000000c9d00000, 0x00000000c9e00000|  0%| F|  |TAMS 0x00000000c9d00000, 0x00000000c9d00000| Untracked 
|  18|0x00000000c9e00000, 0x00000000c9e00000, 0x00000000c9f00000|  0%| F|  |TAMS 0x00000000c9e00000, 0x00000000c9e00000| Untracked 
|  19|0x00000000c9f00000, 0x00000000c9f00000, 0x00000000ca000000|  0%| F|  |TAMS 0x00000000c9f00000, 0x00000000c9f00000| Untracked 
|  20|0x00000000ca000000, 0x00000000ca000000, 0x00000000ca100000|  0%| F|  |TAMS 0x00000000ca000000, 0x00000000ca000000| Untracked 
|  21|0x00000000ca100000, 0x00000000ca100000, 0x00000000ca200000|  0%| F|  |TAMS 0x00000000ca100000, 0x00000000ca100000| Untracked 
|  22|0x00000000ca200000, 0x00000000ca200000, 0x00000000ca300000|  0%| F|  |TAMS 0x00000000ca200000, 0x00000000ca200000| Untracked 
|  23|0x00000000ca300000, 0x00000000ca300000, 0x00000000ca400000|  0%| F|  |TAMS 0x00000000ca300000, 0x00000000ca300000| Untracked 
|  24|0x00000000ca400000, 0x00000000ca400000, 0x00000000ca500000|  0%| F|  |TAMS 0x00000000ca400000, 0x00000000ca400000| Untracked 
|  25|0x00000000ca500000, 0x00000000ca500000, 0x00000000ca600000|  0%| F|  |TAMS 0x00000000ca500000, 0x00000000ca500000| Untracked 
|  26|0x00000000ca600000, 0x00000000ca600000, 0x00000000ca700000|  0%| F|  |TAMS 0x00000000ca600000, 0x00000000ca600000| Untracked 
|  27|0x00000000ca700000, 0x00000000ca700000, 0x00000000ca800000|  0%| F|  |TAMS 0x00000000ca700000, 0x00000000ca700000| Untracked 
|  28|0x00000000ca800000, 0x00000000ca800000, 0x00000000ca900000|  0%| F|  |TAMS 0x00000000ca800000, 0x00000000ca800000| Untracked 
|  29|0x00000000ca900000, 0x00000000ca900000, 0x00000000caa00000|  0%| F|  |TAMS 0x00000000ca900000, 0x00000000ca900000| Untracked 
|  30|0x00000000caa00000, 0x00000000caa1a530, 0x00000000cab00000| 10%| S|CS|TAMS 0x00000000caa00000, 0x00000000caa00000| Complete 
|  31|0x00000000cab00000, 0x00000000cac00000, 0x00000000cac00000|100%| S|CS|TAMS 0x00000000cab00000, 0x00000000cab00000| Complete 
|  32|0x00000000cac00000, 0x00000000cad00000, 0x00000000cad00000|100%| S|CS|TAMS 0x00000000cac00000, 0x00000000cac00000| Complete 
|  33|0x00000000cad00000, 0x00000000cad00000, 0x00000000cae00000|  0%| F|  |TAMS 0x00000000cad00000, 0x00000000cad00000| Untracked 
|  34|0x00000000cae00000, 0x00000000cae00000, 0x00000000caf00000|  0%| F|  |TAMS 0x00000000cae00000, 0x00000000cae00000| Untracked 
|  35|0x00000000caf00000, 0x00000000caf00000, 0x00000000cb000000|  0%| F|  |TAMS 0x00000000caf00000, 0x00000000caf00000| Untracked 
|  36|0x00000000cb000000, 0x00000000cb000000, 0x00000000cb100000|  0%| F|  |TAMS 0x00000000cb000000, 0x00000000cb000000| Untracked 
|  37|0x00000000cb100000, 0x00000000cb100000, 0x00000000cb200000|  0%| F|  |TAMS 0x00000000cb100000, 0x00000000cb100000| Untracked 
|  38|0x00000000cb200000, 0x00000000cb200000, 0x00000000cb300000|  0%| F|  |TAMS 0x00000000cb200000, 0x00000000cb200000| Untracked 
|  39|0x00000000cb300000, 0x00000000cb300000, 0x00000000cb400000|  0%| F|  |TAMS 0x00000000cb300000, 0x00000000cb300000| Untracked 
|  40|0x00000000cb400000, 0x00000000cb400000, 0x00000000cb500000|  0%| F|  |TAMS 0x00000000cb400000, 0x00000000cb400000| Untracked 
|  41|0x00000000cb500000, 0x00000000cb500000, 0x00000000cb600000|  0%| F|  |TAMS 0x00000000cb500000, 0x00000000cb500000| Untracked 
|  42|0x00000000cb600000, 0x00000000cb600000, 0x00000000cb700000|  0%| F|  |TAMS 0x00000000cb600000, 0x00000000cb600000| Untracked 
|  43|0x00000000cb700000, 0x00000000cb700000, 0x00000000cb800000|  0%| F|  |TAMS 0x00000000cb700000, 0x00000000cb700000| Untracked 
|  44|0x00000000cb800000, 0x00000000cb800000, 0x00000000cb900000|  0%| F|  |TAMS 0x00000000cb800000, 0x00000000cb800000| Untracked 
|  45|0x00000000cb900000, 0x00000000cb900000, 0x00000000cba00000|  0%| F|  |TAMS 0x00000000cb900000, 0x00000000cb900000| Untracked 
|  46|0x00000000cba00000, 0x00000000cbac4040, 0x00000000cbb00000| 76%| E|  |TAMS 0x00000000cba00000, 0x00000000cba00000| Complete 
|  47|0x00000000cbb00000, 0x00000000cbc00000, 0x00000000cbc00000|100%| E|CS|TAMS 0x00000000cbb00000, 0x00000000cbb00000| Complete 
|  48|0x00000000cbc00000, 0x00000000cbd00000, 0x00000000cbd00000|100%| E|CS|TAMS 0x00000000cbc00000, 0x00000000cbc00000| Complete 
|  49|0x00000000cbd00000, 0x00000000cbe00000, 0x00000000cbe00000|100%| E|CS|TAMS 0x00000000cbd00000, 0x00000000cbd00000| Complete 
|  50|0x00000000cbe00000, 0x00000000cbf00000, 0x00000000cbf00000|100%| E|CS|TAMS 0x00000000cbe00000, 0x00000000cbe00000| Complete 
|  51|0x00000000cbf00000, 0x00000000cc000000, 0x00000000cc000000|100%| E|CS|TAMS 0x00000000cbf00000, 0x00000000cbf00000| Complete 
|  52|0x00000000cc000000, 0x00000000cc100000, 0x00000000cc100000|100%| E|CS|TAMS 0x00000000cc000000, 0x00000000cc000000| Complete 
|  53|0x00000000cc100000, 0x00000000cc200000, 0x00000000cc200000|100%| E|CS|TAMS 0x00000000cc100000, 0x00000000cc100000| Complete 
|  54|0x00000000cc200000, 0x00000000cc300000, 0x00000000cc300000|100%| E|CS|TAMS 0x00000000cc200000, 0x00000000cc200000| Complete 
|  55|0x00000000cc300000, 0x00000000cc400000, 0x00000000cc400000|100%| E|CS|TAMS 0x00000000cc300000, 0x00000000cc300000| Complete 

Card table byte_map: [0x00000150dfc50000,0x00000150dfe10000] _byte_map_base: 0x00000150df60a000

Marking Bits (Prev, Next): (CMBitMap*) 0x00000150c854d760, (CMBitMap*) 0x00000150c854d7a0
 Prev Bits: [0x00000150dffd0000, 0x00000150e0da0000)
 Next Bits: [0x00000150e0da0000, 0x00000150e1b70000)

Polling page: 0x00000150c7d00000

Metaspace:

Usage:
  Non-class:     14.76 MB capacity,    14.54 MB ( 99%) used,   201.46 KB (  1%) free+waste,    24.44 KB ( <1%) overhead. 
      Class:      2.15 MB capacity,     2.05 MB ( 95%) used,    94.72 KB (  4%) free+waste,    10.25 KB ( <1%) overhead. 
       Both:     16.91 MB capacity,    16.58 MB ( 98%) used,   296.18 KB (  2%) free+waste,    34.69 KB ( <1%) overhead. 

Virtual space:
  Non-class space:       16.00 MB reserved,      15.00 MB ( 94%) committed 
      Class space:        1.00 GB reserved,       2.25 MB ( <1%) committed 
             Both:        1.02 GB reserved,      17.25 MB (  2%) committed 

Chunk freelists:
   Non-Class:  56.00 KB
       Class:  7.00 KB
        Both:  63.00 KB

MaxMetaspaceSize: 17179869184.00 GB
CompressedClassSpaceSize: 1.00 GB

CodeHeap 'non-profiled nmethods': size=120000Kb used=653Kb max_used=653Kb free=119346Kb
 bounds [0x00000150d8230000, 0x00000150d84a0000, 0x00000150df760000]
CodeHeap 'profiled nmethods': size=120000Kb used=3626Kb max_used=3626Kb free=116374Kb
 bounds [0x00000150d0d00000, 0x00000150d1090000, 0x00000150d8230000]
CodeHeap 'non-nmethods': size=5760Kb used=1212Kb max_used=1234Kb free=4548Kb
 bounds [0x00000150d0760000, 0x00000150d09d0000, 0x00000150d0d00000]
 total_blobs=2341 nmethods=1867 adapters=386
 compilation: enabled
              stopped_count=0, restarted_count=0
 full_count=0

Compilation events (20 events):
Event: 2.310 Thread 0x00000150e4d4d5f0 nmethod 1820 0x00000150d106fd90 code [0x00000150d106ff40, 0x00000150d1070228]
Event: 2.310 Thread 0x00000150e4d4d5f0 1821       3       org.springframework.boot.context.properties.source.SpringConfigurationPropertySources$SourcesIterator::hasNext (13 bytes)
Event: 2.310 Thread 0x00000150e4d4d5f0 nmethod 1821 0x00000150d1070310 code [0x00000150d10704c0, 0x00000150d1070648]
Event: 2.313 Thread 0x00000150e4d4d5f0 1822       3       java.lang.invoke.LambdaFormEditor$TransformKey::<init> (15 bytes)
Event: 2.314 Thread 0x00000150e4d4d5f0 nmethod 1822 0x00000150d1070710 code [0x00000150d10708a0, 0x00000150d1070a38]
Event: 2.316 Thread 0x00000150e4d4d5f0 1823       3       java.lang.invoke.LambdaFormEditor$Transform::equals (32 bytes)
Event: 2.316 Thread 0x00000150e4d4d5f0 nmethod 1823 0x00000150d1070b10 code [0x00000150d1070cc0, 0x00000150d1070e88]
Event: 2.324 Thread 0x00000150e4d4d5f0 1825       3       sun.invoke.util.VerifyAccess::isModuleAccessible (97 bytes)
Event: 2.325 Thread 0x00000150e4d4d5f0 nmethod 1825 0x00000150d1070f90 code [0x00000150d1071260, 0x00000150d1071f78]
Event: 2.326 Thread 0x00000150e4d4d5f0 1827       3       java.lang.invoke.MethodType::dropParameterTypes (162 bytes)
Event: 2.328 Thread 0x00000150e4d4d5f0 nmethod 1827 0x00000150d1072410 code [0x00000150d1072700, 0x00000150d1073688]
Event: 2.329 Thread 0x00000150e4d4d5f0 1829       3       java.util.ImmutableCollections$SetN::iterator (9 bytes)
Event: 2.329 Thread 0x00000150e4d4d5f0 nmethod 1829 0x00000150d1073b90 code [0x00000150d1073d40, 0x00000150d1073ee8]
Event: 2.329 Thread 0x00000150e4d4d5f0 1830       3       java.util.ImmutableCollections$SetN$SetNIterator::<init> (36 bytes)
Event: 2.329 Thread 0x00000150e4d4d5f0 nmethod 1830 0x00000150d1073f90 code [0x00000150d1074140, 0x00000150d1074338]
Event: 2.329 Thread 0x00000150e4d4d5f0 1831       3       java.lang.invoke.MemberName$Factory::resolveOrNull (28 bytes)
Event: 2.329 Thread 0x00000150e4d4d5f0 nmethod 1831 0x00000150d1074410 code [0x00000150d10745c0, 0x00000150d1074848]
Event: 2.337 Thread 0x00000150e4d4d5f0 1832       1       java.lang.reflect.Field::getModifiers (5 bytes)
Event: 2.337 Thread 0x00000150e4d4d5f0 nmethod 1832 0x00000150d82d1e90 code [0x00000150d82d2020, 0x00000150d82d20d8]
Event: 2.343 Thread 0x00000150e4d4d5f0 1834       3       java.lang.invoke.MethodHandle::asType (28 bytes)

GC Heap History (6 events):
Event: 1.010 GC heap before
{Heap before GC invocations=0 (full 0):
 garbage-first heap   total 57344K, used 23552K [0x00000000c8c00000, 0x0000000100000000)
  region size 1024K, 23 young (23552K), 0 survivors (0K)
 Metaspace       used 5055K, capacity 6756K, committed 6912K, reserved 1056768K
  class space    used 609K, capacity 756K, committed 768K, reserved 1048576K
}
Event: 1.024 GC heap after
{Heap after GC invocations=1 (full 0):
 garbage-first heap   total 57344K, used 8061K [0x00000000c8c00000, 0x0000000100000000)
  region size 1024K, 3 young (3072K), 3 survivors (3072K)
 Metaspace       used 5055K, capacity 6756K, committed 6912K, reserved 1056768K
  class space    used 609K, capacity 756K, committed 768K, reserved 1048576K
}
Event: 1.771 GC heap before
{Heap before GC invocations=1 (full 0):
 garbage-first heap   total 57344K, used 27517K [0x00000000c8c00000, 0x0000000100000000)
  region size 1024K, 22 young (22528K), 3 survivors (3072K)
 Metaspace       used 9892K, capacity 10466K, committed 10496K, reserved 1058816K
  class space    used 1195K, capacity 1250K, committed 1280K, reserved 1048576K
}
Event: 1.777 GC heap after
{Heap after GC invocations=2 (full 0):
 garbage-first heap   total 57344K, used 9285K [0x00000000c8c00000, 0x0000000100000000)
  region size 1024K, 2 young (2048K), 2 survivors (2048K)
 Metaspace       used 9892K, capacity 10466K, committed 10496K, reserved 1058816K
  class space    used 1195K, capacity 1250K, committed 1280K, reserved 1048576K
}
Event: 2.207 GC heap before
{Heap before GC invocations=2 (full 0):
 garbage-first heap   total 57344K, used 29765K [0x00000000c8c00000, 0x0000000100000000)
  region size 1024K, 23 young (23552K), 2 survivors (2048K)
 Metaspace       used 14856K, capacity 15074K, committed 15232K, reserved 1062912K
  class space    used 1790K, capacity 1862K, committed 1920K, reserved 1048576K
}
Event: 2.212 GC heap after
{Heap after GC invocations=3 (full 0):
 garbage-first heap   total 57344K, used 10263K [0x00000000c8c00000, 0x0000000100000000)
  region size 1024K, 3 young (3072K), 3 survivors (3072K)
 Metaspace       used 14856K, capacity 15074K, committed 15232K, reserved 1062912K
  class space    used 1790K, capacity 1862K, committed 1920K, reserved 1048576K
}

Deoptimization events (20 events):
Event: 1.629 Thread 0x00000150c851e030 DEOPT PACKING pc=0x00000150d0f6a2a0 sp=0x000000424e5fc650
Event: 1.629 Thread 0x00000150c851e030 DEOPT UNPACKING pc=0x00000150d07ae23f sp=0x000000424e5fbb58 mode 0
Event: 1.664 Thread 0x00000150c851e030 DEOPT PACKING pc=0x00000150d0f6a2a0 sp=0x000000424e5fab00
Event: 1.664 Thread 0x00000150c851e030 DEOPT UNPACKING pc=0x00000150d07ae23f sp=0x000000424e5fa008 mode 0
Event: 1.698 Thread 0x00000150c851e030 DEOPT PACKING pc=0x00000150d0f6a2a0 sp=0x000000424e5fc740
Event: 1.698 Thread 0x00000150c851e030 DEOPT UNPACKING pc=0x00000150d07ae23f sp=0x000000424e5fbc48 mode 0
Event: 1.731 Thread 0x00000150c851e030 DEOPT PACKING pc=0x00000150d0f6a2a0 sp=0x000000424e5fcb00
Event: 1.731 Thread 0x00000150c851e030 DEOPT UNPACKING pc=0x00000150d07ae23f sp=0x000000424e5fc008 mode 0
Event: 2.024 Thread 0x00000150c851e030 Uncommon trap: trap_request=0xffffff45 fr.pc=0x00000150d8290d80 relative=0x0000000000000ee0
Event: 2.024 Thread 0x00000150c851e030 Uncommon trap: reason=unstable_if action=reinterpret pc=0x00000150d8290d80 method=java.util.concurrent.ConcurrentHashMap.putVal(Ljava/lang/Object;Ljava/lang/Object;Z)Ljava/lang/Object; @ 148 c2
Event: 2.024 Thread 0x00000150c851e030 DEOPT PACKING pc=0x00000150d8290d80 sp=0x000000424e5fc5e0
Event: 2.024 Thread 0x00000150c851e030 DEOPT UNPACKING pc=0x00000150d07ae42f sp=0x000000424e5fc560 mode 2
Event: 2.130 Thread 0x00000150e50322d0 Uncommon trap: trap_request=0xffffff45 fr.pc=0x00000150d82a974c relative=0x00000000000001cc
Event: 2.130 Thread 0x00000150e50322d0 Uncommon trap: reason=unstable_if action=reinterpret pc=0x00000150d82a974c method=java.lang.String.indexOf(Ljava/lang/String;)I @ 10 c2
Event: 2.130 Thread 0x00000150e50322d0 DEOPT PACKING pc=0x00000150d82a974c sp=0x000000424f8fe980
Event: 2.130 Thread 0x00000150e50322d0 DEOPT UNPACKING pc=0x00000150d07ae42f sp=0x000000424f8fe920 mode 2
Event: 2.133 Thread 0x00000150c851e030 Uncommon trap: trap_request=0xffffff45 fr.pc=0x00000150d82b12a8 relative=0x00000000000014e8
Event: 2.133 Thread 0x00000150c851e030 Uncommon trap: reason=unstable_if action=reinterpret pc=0x00000150d82b12a8 method=java.net.URL.<init>(Ljava/net/URL;Ljava/lang/String;Ljava/net/URLStreamHandler;)V @ 347 c2
Event: 2.133 Thread 0x00000150c851e030 DEOPT PACKING pc=0x00000150d82b12a8 sp=0x000000424e5fcbe0
Event: 2.133 Thread 0x00000150c851e030 DEOPT UNPACKING pc=0x00000150d07ae42f sp=0x000000424e5fcb60 mode 2

Classes unloaded (0 events):
No events

Classes redefined (0 events):
No events

Internal exceptions (20 events):
Event: 1.603 Thread 0x00000150c851e030 Exception <a 'java/lang/NoSuchMethodError'{0x00000000cb765250}: 'void java.lang.invoke.DirectMethodHandle$Holder.invokeVirtual(java.lang.Object, java.lang.Object, java.lang.Object, java.lang.Object)'> (0x00000000cb765250) 
thrown [./open/src/hotspot/share/interpreter/linkResolver.cpp, line 782]
Event: 1.767 Thread 0x00000150c851e030 Exception <a 'java/lang/NoSuchMethodError'{0x00000000cb1de8c8}: 'java.lang.Object java.lang.invoke.DirectMethodHandle$Holder.invokeInterface(java.lang.Object, java.lang.Object, java.lang.Object, java.lang.Object, java.lang.Object)'> (0x00000000cb1de8c8) 
thrown [./open/src/hotspot/share/interpreter/linkResolver.cpp, line 782]
Event: 1.767 Thread 0x00000150c851e030 Exception <a 'java/lang/IncompatibleClassChangeError'{0x00000000cb1e28c0}: Found class java.lang.Object, but interface was expected> (0x00000000cb1e28c0) 
thrown [./open/src/hotspot/share/interpreter/linkResolver.cpp, line 848]
Event: 1.880 Thread 0x00000150e5d88af0 Exception <a 'java/lang/NoClassDefFoundError'{0x00000000cc1ec100}: javax/validation/Validation> (0x00000000cc1ec100) 
thrown [./open/src/hotspot/share/classfile/systemDictionary.cpp, line 284]
Event: 1.895 Thread 0x00000150c851e030 Exception <a 'java/lang/NoSuchMethodError'{0x00000000cc044e40}: 'int java.lang.invoke.DirectMethodHandle$Holder.invokeSpecial(java.lang.Object, java.lang.Object, java.lang.Object, java.lang.Object)'> (0x00000000cc044e40) 
thrown [./open/src/hotspot/share/interpreter/linkResolver.cpp, line 782]
Event: 1.922 Thread 0x00000150c851e030 Exception <a 'java/lang/NoSuchMethodError'{0x00000000cbea2818}: 'java.lang.Object java.lang.invoke.DirectMethodHandle$Holder.newInvokeSpecial(java.lang.Object, java.lang.Object, java.lang.Object, java.lang.Object, java.lang.Object, java.lang.Object, int)'> (0x00000000cbea2818) 
thrown [./open/src/hotspot/share/interpreter/linkResolver.cpp, line 782]
Event: 1.926 Thread 0x00000150e5d88af0 Exception <a 'java/lang/NoSuchMethodError'{0x00000000cbee27f0}: 'java.lang.Object java.lang.invoke.DirectMethodHandle$Holder.invokeStaticInit(java.lang.Object, java.lang.Object, java.lang.Object, java.lang.Object, java.lang.Object)'> (0x00000000cbee27f0) 
thrown [./open/src/hotspot/share/interpreter/linkResolver.cpp, line 782]
Event: 1.934 Thread 0x00000150c851e030 Exception <a 'java/lang/NoSuchMethodError'{0x00000000cbd0f8a8}: 'java.lang.Object java.lang.invoke.DirectMethodHandle$Holder.newInvokeSpecial(java.lang.Object, java.lang.Object, int, java.lang.Object)'> (0x00000000cbd0f8a8) 
thrown [./open/src/hotspot/share/interpreter/linkResolver.cpp, line 782]
Event: 1.934 Thread 0x00000150c851e030 Exception <a 'java/lang/NoSuchMethodError'{0x00000000cbd142e0}: 'java.lang.Object java.lang.invoke.DirectMethodHandle$Holder.invokeSpecial(java.lang.Object, java.lang.Object, java.lang.Object, int, java.lang.Object)'> (0x00000000cbd142e0) 
thrown [./open/src/hotspot/share/interpreter/linkResolver.cpp, line 782]
Event: 1.936 Thread 0x00000150c851e030 Exception <a 'java/lang/NoSuchMethodError'{0x00000000cbd1df20}: 'void java.lang.invoke.DirectMethodHandle$Holder.invokeSpecial(java.lang.Object, java.lang.Object, java.lang.Object, java.lang.Object, java.lang.Object, java.lang.Object)'> (0x00000000cbd1df20) 
thrown [./open/src/hotspot/share/interpreter/linkResolver.cpp, line 782]
Event: 2.005 Thread 0x00000150c851e030 Exception <a 'java/lang/NoSuchMethodError'{0x00000000cbacfb38}: 'void java.lang.invoke.DirectMethodHandle$Holder.invokeStatic(java.lang.Object, java.lang.Object)'> (0x00000000cbacfb38) 
thrown [./open/src/hotspot/share/interpreter/linkResolver.cpp, line 782]
Event: 2.005 Thread 0x00000150c851e030 Exception <a 'java/lang/NoSuchMethodError'{0x00000000cbad35c0}: 'void java.lang.invoke.DirectMethodHandle$Holder.invokeStaticInit(java.lang.Object, java.lang.Object)'> (0x00000000cbad35c0) 
thrown [./open/src/hotspot/share/interpreter/linkResolver.cpp, line 782]
Event: 2.244 Thread 0x00000150c851e030 Exception <a 'java/lang/NoClassDefFoundError'{0x00000000cc288c98}: javax/validation/ValidationException> (0x00000000cc288c98) 
thrown [./open/src/hotspot/share/classfile/systemDictionary.cpp, line 284]
Event: 2.276 Thread 0x00000150c851e030 Exception <a 'java/io/FileNotFoundException'{0x00000000cc0ca6e8}> (0x00000000cc0ca6e8) 
thrown [./open/src/hotspot/share/prims/jni.cpp, line 578]
Event: 2.323 Thread 0x00000150e5d88af0 Exception <a 'java/lang/NoSuchMethodError'{0x00000000cbc808a8}: 'long java.lang.invoke.DirectMethodHandle$Holder.invokeSpecial(java.lang.Object, java.lang.Object)'> (0x00000000cbc808a8) 
thrown [./open/src/hotspot/share/interpreter/linkResolver.cpp, line 782]
Event: 2.326 Thread 0x00000150e5d88af0 Exception <a 'java/lang/NoSuchMethodError'{0x00000000cbc8bea8}: 'long java.lang.invoke.DirectMethodHandle$Holder.invokeStatic(java.lang.Object, java.lang.Object)'> (0x00000000cbc8bea8) 
thrown [./open/src/hotspot/share/interpreter/linkResolver.cpp, line 782]
Event: 2.326 Thread 0x00000150e5d88af0 Exception <a 'java/lang/NoSuchMethodError'{0x00000000cbc8f688}: 'long java.lang.invoke.DirectMethodHandle$Holder.invokeStaticInit(java.lang.Object, java.lang.Object)'> (0x00000000cbc8f688) 
thrown [./open/src/hotspot/share/interpreter/linkResolver.cpp, line 782]
Event: 2.328 Thread 0x00000150e5d88af0 Exception <a 'java/lang/NoSuchMethodError'{0x00000000cbc9dd80}: 'long java.lang.invoke.DirectMethodHandle$Holder.invokeInterface(java.lang.Object, java.lang.Object)'> (0x00000000cbc9dd80) 
thrown [./open/src/hotspot/share/interpreter/linkResolver.cpp, line 782]
Event: 2.329 Thread 0x00000150e5d88af0 Exception <a 'java/lang/IncompatibleClassChangeError'{0x00000000cbca14e0}: Found class java.lang.Object, but interface was expected> (0x00000000cbca14e0) 
thrown [./open/src/hotspot/share/interpreter/linkResolver.cpp, line 848]
Event: 2.342 Thread 0x00000150e5d88af0 Exception <a 'java/lang/NoSuchMethodError'{0x00000000cbbb3608}: 'java.lang.Object java.lang.invoke.DirectMethodHandle$Holder.invokeVirtual(java.lang.Object, java.lang.Object, java.lang.Object, java.lang.Object)'> (0x00000000cbbb3608) 
thrown [./open/src/hotspot/share/interpreter/linkResolver.cpp, line 782]

Events (20 events):
Event: 2.273 loading class java/lang/invoke/BoundMethodHandle$Species_LLLLLLLLLL
Event: 2.273 loading class java/lang/invoke/BoundMethodHandle$Species_LLLLLLLLLL done
Event: 2.274 loading class java/lang/invoke/BoundMethodHandle$Species_LLLLLLLLLLL
Event: 2.274 loading class java/lang/invoke/BoundMethodHandle$Species_LLLLLLLLLLL done
Event: 2.276 loading class java/util/Hashtable$KeySet
Event: 2.276 loading class java/util/Hashtable$KeySet done
Event: 2.276 loading class javax/naming/spi/NamingManager
Event: 2.276 loading class javax/naming/spi/NamingManager done
Event: 2.277 loading class javax/naming/NoInitialContextException
Event: 2.277 loading class javax/naming/NoInitialContextException done
Event: 2.310 loading class java/time/DateTimeException
Event: 2.310 loading class java/time/DateTimeException done
Event: 2.323 loading class java/util/function/ToLongFunction
Event: 2.323 loading class java/util/function/ToLongFunction done
Event: 2.335 loading class org/xml/sax/ErrorHandler
Event: 2.335 loading class org/xml/sax/ErrorHandler done
Event: 2.335 loading class org/xml/sax/SAXParseException
Event: 2.336 loading class org/xml/sax/SAXParseException done
Event: 2.342 loading class java/io/CharConversionException
Event: 2.342 loading class java/io/CharConversionException done


Dynamic libraries:
0x00007ff7d3440000 - 0x00007ff7d344f000 	C:\Program Files\Java\jdk-15.0.1\bin\java.exe
0x00007ffadd4b0000 - 0x00007ffadd6a5000 	C:\Windows\SYSTEM32\ntdll.dll
0x00007ffadb510000 - 0x00007ffadb5ce000 	C:\Windows\System32\KERNEL32.DLL
0x00007ffadb080000 - 0x00007ffadb348000 	C:\Windows\System32\KERNELBASE.dll
0x00007ffadb410000 - 0x00007ffadb510000 	C:\Windows\System32\ucrtbase.dll
0x00007ffaa8ef0000 - 0x00007ffaa8f08000 	C:\Program Files\Java\jdk-15.0.1\bin\jli.dll
0x00007ffaa96a0000 - 0x00007ffaa96b9000 	C:\Program Files\Java\jdk-15.0.1\bin\VCRUNTIME140.dll
0x00007ffadcc00000 - 0x00007ffadccae000 	C:\Windows\System32\ADVAPI32.dll
0x00007ffadb950000 - 0x00007ffadb9ee000 	C:\Windows\System32\msvcrt.dll
0x00007ffadb5d0000 - 0x00007ffadb66c000 	C:\Windows\System32\sechost.dll
0x00007ffadbb50000 - 0x00007ffadbc75000 	C:\Windows\System32\RPCRT4.dll
0x00007ffadbc80000 - 0x00007ffadbe20000 	C:\Windows\System32\USER32.dll
0x00007ffac6a20000 - 0x00007ffac6cba000 	C:\Windows\WinSxS\amd64_microsoft.windows.common-controls_6595b64144ccf1df_6.0.19041.1110_none_60b5254171f9507e\COMCTL32.dll
0x00007ffadb3e0000 - 0x00007ffadb402000 	C:\Windows\System32\win32u.dll
0x00007ffadbaa0000 - 0x00007ffadbacb000 	C:\Windows\System32\GDI32.dll
0x00007ffadae00000 - 0x00007ffadaf0b000 	C:\Windows\System32\gdi32full.dll
0x00007ffadad60000 - 0x00007ffadadfd000 	C:\Windows\System32\msvcp_win.dll
0x00007ffacfee0000 - 0x00007ffacfeea000 	C:\Windows\SYSTEM32\VERSION.dll
0x00007ffadc130000 - 0x00007ffadc160000 	C:\Windows\System32\IMM32.DLL
0x00007ffabbed0000 - 0x00007ffabbedc000 	C:\Program Files\Java\jdk-15.0.1\bin\vcruntime140_1.dll
0x00007ffa9c5e0000 - 0x00007ffa9c671000 	C:\Program Files\Java\jdk-15.0.1\bin\msvcp140.dll
0x00007ffa674e0000 - 0x00007ffa6803e000 	C:\Program Files\Java\jdk-15.0.1\bin\server\jvm.dll
0x00007ffadb940000 - 0x00007ffadb948000 	C:\Windows\System32\PSAPI.DLL
0x00007fface5c0000 - 0x00007fface5e7000 	C:\Windows\SYSTEM32\WINMM.dll
0x00007ffabdc30000 - 0x00007ffabdc39000 	C:\Windows\SYSTEM32\WSOCK32.dll
0x00007ffadccb0000 - 0x00007ffadcd1b000 	C:\Windows\System32\WS2_32.dll
0x00007ffad8b30000 - 0x00007ffad8b42000 	C:\Windows\SYSTEM32\kernel.appcore.dll
0x00007ffaba6f0000 - 0x00007ffaba6fa000 	C:\Program Files\Java\jdk-15.0.1\bin\jimage.dll
0x00007ffad82e0000 - 0x00007ffad84c4000 	C:\Windows\SYSTEM32\DBGHELP.DLL
0x00007ffad2040000 - 0x00007ffad206c000 	C:\Windows\SYSTEM32\dbgcore.DLL
0x00007ffadb350000 - 0x00007ffadb3d2000 	C:\Windows\System32\bcryptPrimitives.dll
0x00007ffaa3de0000 - 0x00007ffaa3e05000 	C:\Program Files\Java\jdk-15.0.1\bin\java.dll
0x00007ffadcd20000 - 0x00007ffadd464000 	C:\Windows\System32\SHELL32.dll
0x00007ffad8ce0000 - 0x00007ffad9474000 	C:\Windows\SYSTEM32\windows.storage.dll
0x00007ffadc7f0000 - 0x00007ffadcb44000 	C:\Windows\System32\combase.dll
0x00007ffada5c0000 - 0x00007ffada5ec000 	C:\Windows\SYSTEM32\Wldp.dll
0x00007ffadcb50000 - 0x00007ffadcbfd000 	C:\Windows\System32\SHCORE.dll
0x00007ffadbf10000 - 0x00007ffadbf65000 	C:\Windows\System32\shlwapi.dll
0x00007ffadab10000 - 0x00007ffadab2f000 	C:\Windows\SYSTEM32\profapi.dll
0x00007ffaa81b0000 - 0x00007ffaa81c9000 	C:\Program Files\Java\jdk-15.0.1\bin\net.dll
0x00007ffad08e0000 - 0x00007ffad09e9000 	C:\Windows\SYSTEM32\WINHTTP.dll
0x00007ffada2c0000 - 0x00007ffada32a000 	C:\Windows\system32\mswsock.dll
0x00007ffaa7b00000 - 0x00007ffaa7b12000 	C:\Program Files\Java\jdk-15.0.1\bin\nio.dll
0x00007ffaa70e0000 - 0x00007ffaa70f8000 	C:\Program Files\Java\jdk-15.0.1\bin\zip.dll
0x00007ffab8120000 - 0x00007ffab8129000 	C:\Program Files\Java\jdk-15.0.1\bin\management.dll
0x00007ffab7d40000 - 0x00007ffab7d4b000 	C:\Program Files\Java\jdk-15.0.1\bin\management_ext.dll
0x00007ffaba680000 - 0x00007ffaba690000 	C:\Program Files\Java\jdk-15.0.1\bin\verify.dll
0x00007ffaba3e0000 - 0x00007ffaba3f7000 	C:\Windows\system32\napinsp.dll
0x00007ffaba3c0000 - 0x00007ffaba3db000 	C:\Windows\system32\pnrpnsp.dll
0x00007ffad53f0000 - 0x00007ffad5405000 	C:\Windows\system32\wshbth.dll
0x00007ffad4b80000 - 0x00007ffad4b9d000 	C:\Windows\system32\NLAapi.dll
0x00007ffad9fb0000 - 0x00007ffad9feb000 	C:\Windows\SYSTEM32\IPHLPAPI.DLL
0x00007ffad9ff0000 - 0x00007ffada0ba000 	C:\Windows\SYSTEM32\DNSAPI.dll
0x00007ffadbe20000 - 0x00007ffadbe28000 	C:\Windows\System32\NSI.dll
0x00007ffab8bc0000 - 0x00007ffab8bd2000 	C:\Windows\System32\winrnr.dll
0x00007ffad3090000 - 0x00007ffad309a000 	C:\Windows\System32\rasadhlp.dll
0x00007ffad0b80000 - 0x00007ffad0bff000 	C:\Windows\System32\fwpuclnt.dll
0x00007ffadabd0000 - 0x00007ffadabf7000 	C:\Windows\System32\bcrypt.dll

dbghelp: loaded successfully - version: 4.0.5 - missing functions: none
symbol engine: initialized successfully - sym options: 0x614 - pdb path: .;C:\Program Files\Java\jdk-15.0.1\bin;C:\Windows\SYSTEM32;C:\Windows\WinSxS\amd64_microsoft.windows.common-controls_6595b64144ccf1df_6.0.19041.1110_none_60b5254171f9507e;C:\Program Files\Java\jdk-15.0.1\bin\server

VM Arguments:
java_command: C:\Users\kjagj\AppData\Local\Temp\surefire18090768216130568310\surefirebooter10679086504903946092.jar C:\Users\kjagj\AppData\Local\Temp\surefire18090768216130568310 2022-03-17T16-45-20_936-jvmRun1 surefire1123650800989177707tmp surefire_09403779245833198479tmp
java_class_path (initial): C:\Users\kjagj\AppData\Local\Temp\surefire18090768216130568310\surefirebooter10679086504903946092.jar
Launcher Type: SUN_STANDARD

[Global flags]
     intx CICompilerCount                          = 4                                         {product} {ergonomic}
     uint ConcGCThreads                            = 2                                         {product} {ergonomic}
     uint G1ConcRefinementThreads                  = 8                                         {product} {ergonomic}
   size_t G1HeapRegionSize                         = 1048576                                   {product} {ergonomic}
    uintx GCDrainStackTargetSize                   = 64                                        {product} {ergonomic}
   size_t InitialHeapSize                          = 58720256                                  {product} {ergonomic}
   size_t MarkStackSize                            = 4194304                                   {product} {ergonomic}
   size_t MaxHeapSize                              = 926941184                                 {product} {ergonomic}
   size_t MaxNewSize                               = 555745280                                 {product} {ergonomic}
   size_t MinHeapDeltaBytes                        = 1048576                                   {product} {ergonomic}
   size_t MinHeapSize                              = 8388608                                   {product} {ergonomic}
    uintx NonNMethodCodeHeapSize                   = 5839372                                {pd product} {ergonomic}
    uintx NonProfiledCodeHeapSize                  = 122909434                              {pd product} {ergonomic}
    uintx ProfiledCodeHeapSize                     = 122909434                              {pd product} {ergonomic}
    uintx ReservedCodeCacheSize                    = 251658240                              {pd product} {ergonomic}
     bool SegmentedCodeCache                       = true                                      {product} {ergonomic}
   size_t SoftMaxHeapSize                          = 926941184                              {manageable} {ergonomic}
     bool UseCompressedClassPointers               = true                                 {lp64_product} {ergonomic}
     bool UseCompressedOops                        = true                                 {lp64_product} {ergonomic}
     bool UseG1GC                                  = true                                      {product} {ergonomic}
     bool UseLargePagesIndividualAllocation        = false                                  {pd product} {ergonomic}

Logging:
Log output configuration:
 #0: stdout all=warning uptime,level,tags
 #1: stderr all=off uptime,level,tags

Environment Variables:
PATH=C:\Users\kjagj\db_home\bin;C:\Program Files\Common Files\Oracle\Java\javapath;C:\Windows\system32;C:\Windows;C:\Windows\System32\Wbem;C:\Windows\System32\WindowsPowerShell\v1.0\;C:\Windows\System32\OpenSSH\;C:\Program Files\Git\cmd;C:\Users\kjagj\AppData\Roaming\npm;C:\Program Files\nodejs\;C:\Users\kjagj\AppData\Local\Microsoft\WindowsApps;C:\Users\kjagj\AppData\Roaming\npm;C:\Users\kjagj\AppData\Local\Programs\Microsoft VS Code\bin;C:\Users\kjagj\AppData\Local\Android\Sdk\platform-tools;C:\Users\kjagj\AppData\Roaming\npm;
USERNAME=kjagj
OS=Windows_NT
PROCESSOR_IDENTIFIER=AMD64 Family 23 Model 24 Stepping 1, AuthenticAMD



---------------  S Y S T E M  ---------------

OS:
 Windows 10 , 64 bit Build 19041 (10.0.19041.1566)
OS uptime: 6 days 16:43 hours

CPU: total 8 (initial active 8) (8 cores per cpu, 2 threads per core) family 23 model 24 stepping 1 microcode 0x0, cmov, cx8, fxsr, mmx, sse, sse2, sse3, ssse3, sse4.1, sse4.2, popcnt, vzeroupper, avx, avx2, aes, clmul, 3dnowpref, lzcnt, sse4a, ht, tsc, tscinvbit, tscinv, bmi1, bmi2, adx, sha, fma, clflush, clflushopt

Memory: 4k page, system-wide physical 3531M (125M free)
TotalPageFile size 14283M (AvailPageFile size 3M)
current process WorkingSet (physical memory assigned to process): 107M, peak: 107M
current process commit charge ("private bytes"): 173M, peak: 174M

vm_info: Java HotSpot(TM) 64-Bit Server VM (15.0.1+9-18) for windows-amd64 JRE (15.0.1+9-18), built on Sep 15 2020 14:43:54 by "mach5one" with unknown MS VC++:1925

END.
