#
# There is insufficient memory for the Java Runtime Environment to continue.
# Native memory allocation (mmap) failed to map 58720256 bytes for G1 virtual space
# Possible reasons:
#   The system is out of physical RAM or swap space
#   The process is running with CompressedOops enabled, and the Java Heap may be blocking the growth of the native heap
# Possible solutions:
#   Reduce memory load on the system
#   Increase physical memory or swap space
#   Check if swap backing store is full
#   Decrease Java heap size (-Xmx/-Xms)
#   Decrease number of Java threads
#   Decrease Java thread stack sizes (-Xss)
#   Set larger code cache with -XX:ReservedCodeCacheSize=
#   JVM is running with Unscaled Compressed Oops mode in which the Java heap is
#     placed in the first 4GB address space. The Java Heap base address is the
#     maximum limit for the native heap growth. Please use -XX:HeapBaseMinAddress
#     to set the Java Heap base and to place the Java Heap above 4GB virtual address.
# This output file may be truncated or incomplete.
#
#  Out of Memory Error (./open/src/hotspot/os/windows/os_windows.cpp:3472), pid=12828, tid=13988
#
# JRE version:  (15.0.1+9) (build )
# Java VM: Java HotSpot(TM) 64-Bit Server VM (15.0.1+9-18, mixed mode, sharing, tiered, compressed oops, g1 gc, windows-amd64)
# No core dump will be written. Minidumps are not enabled by default on client versions of Windows
#

---------------  S U M M A R Y ------------

Command Line: -javaagent:C:\Program Files\JetBrains\IntelliJ IDEA Community Edition 2021.3.2\lib\idea_rt.jar=64858:C:\Program Files\JetBrains\IntelliJ IDEA Community Edition 2021.3.2\bin -Dfile.encoding=UTF-8 com.st.travelsmartapi.TravelsmartApiApplication

Host: AMD Ryzen 5 3500U with Radeon Vega Mobile Gfx  , 8 cores, 3G,  Windows 10 , 64 bit Build 19041 (10.0.19041.1566)
Time: Thu Mar 17 16:43:02 2022 India Standard Time elapsed time: 0.042339 seconds (0d 0h 0m 0s)

---------------  T H R E A D  ---------------

Current thread (0x000001fba7abea20):  JavaThread "Unknown thread" [_thread_in_vm, id=13988, stack(0x00000063df900000,0x00000063dfa00000)]

Stack: [0x00000063df900000,0x00000063dfa00000]
Native frames: (J=compiled Java code, j=interpreted, Vv=VM code, C=native code)
V  [jvm.dll+0x62ae9a]
V  [jvm.dll+0x781389]
V  [jvm.dll+0x782ae3]
V  [jvm.dll+0x783143]
V  [jvm.dll+0x216265]
V  [jvm.dll+0x6281d9]
V  [jvm.dll+0x61cd15]
V  [jvm.dll+0x2d01fd]
V  [jvm.dll+0x2d0062]
V  [jvm.dll+0x2d603c]
V  [jvm.dll+0x325b2a]
V  [jvm.dll+0x3251f4]
V  [jvm.dll+0x2a717a]
V  [jvm.dll+0x2a8318]
V  [jvm.dll+0x75e101]
V  [jvm.dll+0x3343e4]
V  [jvm.dll+0x73e826]
V  [jvm.dll+0x3b7777]
V  [jvm.dll+0x3b9201]
C  [jli.dll+0x52fb]
C  [ucrtbase.dll+0x21bb2]
C  [KERNEL32.DLL+0x17034]
C  [ntdll.dll+0x52651]


---------------  P R O C E S S  ---------------

Threads class SMR info:
_java_thread_list=0x00007ffa67fa4ff0, length=0, elements={
}

Java Threads: ( => current thread )

Other Threads:
  0x000001fba7aedf50 GCTaskThread "GC Thread#0" [stack: 0x00000063dfa00000,0x00000063dfb00000] [id=13260]
  0x000001fba7af5f20 ConcurrentGCThread "G1 Main Marker" [stack: 0x00000063dfb00000,0x00000063dfc00000] [id=6392]
  0x000001fba7af72b0 ConcurrentGCThread "G1 Conc#0" [stack: 0x00000063dfc00000,0x00000063dfd00000] [id=5596]

[error occurred during error reporting (printing all threads), id 0xc0000005, EXCEPTION_ACCESS_VIOLATION (0xc0000005) at pc=0x00007ffa67798047]

VM state: not at safepoint (not fully initialized)

VM Mutex/Monitor currently owned by a thread:  ([mutex/lock_event])
[0x000001fba7ab86a0] Heap_lock - owner thread: 0x000001fba7abea20

Heap address: 0x00000000c8c00000, size: 884 MB, Compressed Oops mode: 32-bit
CDS archive(s) mapped at: [0x0000000000000000-0x0000000000000000-0x0000000000000000), size 0, SharedBaseAddress: 0x0000000800000000, ArchiveRelocationMode: 0.
Narrow klass base: 0x0000000000000000, Narrow klass shift: 0, Narrow klass range: 0x0

Heap:
 garbage-first heap   total 57344K, used 0K [0x00000000c8c00000, 0x0000000100000000)
  region size 1024K, 0 young (0K), 0 survivors (0K)
 Metaspace       used 0K, capacity 0K, committed 0K, reserved 0K
  class space    used 0K, capacity 0K, committed 0K, reserved 0K

Heap Regions: E=young(eden), S=young(survivor), O=old, HS=humongous(starts), HC=humongous(continues), CS=collection set, F=free, OA=open archive, CA=closed archive, TAMS=top-at-mark-start (previous, next)

Card table byte_map: [0x000001fbbf1f0000,0x000001fbbf3b0000] _byte_map_base: 0x000001fbbebaa000

Marking Bits (Prev, Next): (CMBitMap*) 0x000001fba7aee740, (CMBitMap*) 0x000001fba7aee780
 Prev Bits: [0x000001fbbf570000, 0x000001fbc0340000)
 Next Bits: [0x000001fbc0340000, 0x000001fbc1110000)

GC Heap History (0 events):
No events

Deoptimization events (0 events):
No events

Classes unloaded (0 events):
No events

Classes redefined (0 events):
No events

Internal exceptions (0 events):
No events

Events (1 events):
Event: 0.027 Loaded shared library C:\Program Files\Java\jdk-15.0.1\bin\java.dll


Dynamic libraries:
0x00007ff7d3440000 - 0x00007ff7d344f000 	C:\Program Files\Java\jdk-15.0.1\bin\java.exe
0x00007ffadd4b0000 - 0x00007ffadd6a5000 	C:\Windows\SYSTEM32\ntdll.dll
0x00007ffadb510000 - 0x00007ffadb5ce000 	C:\Windows\System32\KERNEL32.DLL
0x00007ffadb080000 - 0x00007ffadb348000 	C:\Windows\System32\KERNELBASE.dll
0x00007ffadb410000 - 0x00007ffadb510000 	C:\Windows\System32\ucrtbase.dll
0x00007ffaa96a0000 - 0x00007ffaa96b9000 	C:\Program Files\Java\jdk-15.0.1\bin\VCRUNTIME140.dll
0x00007ffaa8ef0000 - 0x00007ffaa8f08000 	C:\Program Files\Java\jdk-15.0.1\bin\jli.dll
0x00007ffadcc00000 - 0x00007ffadccae000 	C:\Windows\System32\ADVAPI32.dll
0x00007ffadb950000 - 0x00007ffadb9ee000 	C:\Windows\System32\msvcrt.dll
0x00007ffadb5d0000 - 0x00007ffadb66c000 	C:\Windows\System32\sechost.dll
0x00007ffadbb50000 - 0x00007ffadbc75000 	C:\Windows\System32\RPCRT4.dll
0x00007ffadbc80000 - 0x00007ffadbe20000 	C:\Windows\System32\USER32.dll
0x00007ffac6a20000 - 0x00007ffac6cba000 	C:\Windows\WinSxS\amd64_microsoft.windows.common-controls_6595b64144ccf1df_6.0.19041.1110_none_60b5254171f9507e\COMCTL32.dll
0x00007ffadb3e0000 - 0x00007ffadb402000 	C:\Windows\System32\win32u.dll
0x00007ffadbaa0000 - 0x00007ffadbacb000 	C:\Windows\System32\GDI32.dll
0x00007ffadae00000 - 0x00007ffadaf0b000 	C:\Windows\System32\gdi32full.dll
0x00007ffadad60000 - 0x00007ffadadfd000 	C:\Windows\System32\msvcp_win.dll
0x00007ffacfee0000 - 0x00007ffacfeea000 	C:\Windows\SYSTEM32\VERSION.dll
0x00007ffadc130000 - 0x00007ffadc160000 	C:\Windows\System32\IMM32.DLL
0x00007ffabbed0000 - 0x00007ffabbedc000 	C:\Program Files\Java\jdk-15.0.1\bin\vcruntime140_1.dll
0x00007ffa9c5e0000 - 0x00007ffa9c671000 	C:\Program Files\Java\jdk-15.0.1\bin\msvcp140.dll
0x00007ffa674e0000 - 0x00007ffa6803e000 	C:\Program Files\Java\jdk-15.0.1\bin\server\jvm.dll
0x00007ffadb940000 - 0x00007ffadb948000 	C:\Windows\System32\PSAPI.DLL
0x00007ffabdc30000 - 0x00007ffabdc39000 	C:\Windows\SYSTEM32\WSOCK32.dll
0x00007fface5c0000 - 0x00007fface5e7000 	C:\Windows\SYSTEM32\WINMM.dll
0x00007ffadccb0000 - 0x00007ffadcd1b000 	C:\Windows\System32\WS2_32.dll
0x00007ffad8b30000 - 0x00007ffad8b42000 	C:\Windows\SYSTEM32\kernel.appcore.dll
0x00007ffaba6f0000 - 0x00007ffaba6fa000 	C:\Program Files\Java\jdk-15.0.1\bin\jimage.dll
0x00007ffad82e0000 - 0x00007ffad84c4000 	C:\Windows\SYSTEM32\DBGHELP.DLL
0x00007ffad2040000 - 0x00007ffad206c000 	C:\Windows\SYSTEM32\dbgcore.DLL
0x00007ffadb350000 - 0x00007ffadb3d2000 	C:\Windows\System32\bcryptPrimitives.dll
0x00007ffacb8f0000 - 0x00007ffacb8fe000 	C:\Program Files\Java\jdk-15.0.1\bin\instrument.dll
0x00007ffaa3de0000 - 0x00007ffaa3e05000 	C:\Program Files\Java\jdk-15.0.1\bin\java.dll

dbghelp: loaded successfully - version: 4.0.5 - missing functions: none
symbol engine: initialized successfully - sym options: 0x614 - pdb path: .;C:\Program Files\Java\jdk-15.0.1\bin;C:\Windows\SYSTEM32;C:\Windows\WinSxS\amd64_microsoft.windows.common-controls_6595b64144ccf1df_6.0.19041.1110_none_60b5254171f9507e;C:\Program Files\Java\jdk-15.0.1\bin\server

VM Arguments:
jvm_args: -javaagent:C:\Program Files\JetBrains\IntelliJ IDEA Community Edition 2021.3.2\lib\idea_rt.jar=64858:C:\Program Files\JetBrains\IntelliJ IDEA Community Edition 2021.3.2\bin -Dfile.encoding=UTF-8 
java_command: com.st.travelsmartapi.TravelsmartApiApplication
java_class_path (initial): C:\Users\kjagj\Desktop\ourbestpost\projects\travelsmart-api\travelsmart-api\target\classes;C:\Users\kjagj\.m2\repository\org\springframework\boot\spring-boot-starter-data-jpa\2.3.0.RELEASE\spring-boot-starter-data-jpa-2.3.0.RELEASE.jar;C:\Users\kjagj\.m2\repository\org\springframework\boot\spring-boot-starter-aop\2.3.0.RELEASE\spring-boot-starter-aop-2.3.0.RELEASE.jar;C:\Users\kjagj\.m2\repository\org\springframework\spring-aop\5.2.6.RELEASE\spring-aop-5.2.6.RELEASE.jar;C:\Users\kjagj\.m2\repository\org\aspectj\aspectjweaver\1.9.5\aspectjweaver-1.9.5.jar;C:\Users\kjagj\.m2\repository\org\springframework\boot\spring-boot-starter-jdbc\2.3.0.RELEASE\spring-boot-starter-jdbc-2.3.0.RELEASE.jar;C:\Users\kjagj\.m2\repository\com\zaxxer\HikariCP\3.4.5\HikariCP-3.4.5.jar;C:\Users\kjagj\.m2\repository\org\springframework\spring-jdbc\5.2.6.RELEASE\spring-jdbc-5.2.6.RELEASE.jar;C:\Users\kjagj\.m2\repository\jakarta\transaction\jakarta.transaction-api\1.3.3\jakarta.transaction-api-1.3.3.jar;C:\Users\kjagj\.m2\repository\jakarta\persistence\jakarta.persistence-api\2.2.3\jakarta.persistence-api-2.2.3.jar;C:\Users\kjagj\.m2\repository\org\hibernate\hibernate-core\5.4.15.Final\hibernate-core-5.4.15.Final.jar;C:\Users\kjagj\.m2\repository\org\jboss\logging\jboss-logging\3.4.1.Final\jboss-logging-3.4.1.Final.jar;C:\Users\kjagj\.m2\repository\org\javassist\javassist\3.24.0-GA\javassist-3.24.0-GA.jar;C:\Users\kjagj\.m2\repository\net\bytebuddy\byte-buddy\1.10.10\byte-buddy-1.10.10.jar;C:\Users\kjagj\.m2\repository\antlr\antlr\2.7.7\antlr-2.7.7.jar;C:\Users\kjagj\.m2\repository\org\jboss\jandex\2.1.3.Final\jandex-2.1.3.Final.jar;C:\Users\kjagj\.m2\repository\org\dom4j\dom4j\2.1.3\dom4j-2.1.3.jar;C:\Users\kjagj\.m2\repository\org\hibernate\common\hibernate-commons-annotations\5.1.0.Final\hibernate-commons-annotations-5.1.0.Final.jar;C:\Users\kjagj\.m2\repository\org\glassfish\jaxb\jaxb-runtime\2.3.3\jaxb-runtime-2.3.3.jar;C:\Users\kjagj\.m2\repository\org\glas
Launcher Type: SUN_STANDARD

[Global flags]
     intx CICompilerCount                          = 4                                         {product} {ergonomic}
     uint ConcGCThreads                            = 2                                         {product} {ergonomic}
     uint G1ConcRefinementThreads                  = 8                                         {product} {ergonomic}
   size_t G1HeapRegionSize                         = 1048576                                   {product} {ergonomic}
    uintx GCDrainStackTargetSize                   = 64                                        {product} {ergonomic}
   size_t InitialHeapSize                          = 58720256                                  {product} {ergonomic}
   size_t MarkStackSize                            = 4194304                                   {product} {ergonomic}
   size_t MaxHeapSize                              = 926941184                                 {product} {ergonomic}
   size_t MinHeapDeltaBytes                        = 1048576                                   {product} {ergonomic}
   size_t MinHeapSize                              = 8388608                                   {product} {ergonomic}
    uintx NonNMethodCodeHeapSize                   = 5839372                                {pd product} {ergonomic}
    uintx NonProfiledCodeHeapSize                  = 122909434                              {pd product} {ergonomic}
    uintx ProfiledCodeHeapSize                     = 122909434                              {pd product} {ergonomic}
    uintx ReservedCodeCacheSize                    = 251658240                              {pd product} {ergonomic}
     bool SegmentedCodeCache                       = true                                      {product} {ergonomic}
   size_t SoftMaxHeapSize                          = 926941184                              {manageable} {ergonomic}
     bool UseCompressedClassPointers               = true                                 {lp64_product} {ergonomic}
     bool UseCompressedOops                        = true                                 {lp64_product} {ergonomic}
     bool UseG1GC                                  = true                                      {product} {ergonomic}
     bool UseLargePagesIndividualAllocation        = false                                  {pd product} {ergonomic}

Logging:
Log output configuration:
 #0: stdout all=warning uptime,level,tags
 #1: stderr all=off uptime,level,tags

Environment Variables:
PATH=C:\Users\kjagj\db_home\bin;C:\Program Files\Common Files\Oracle\Java\javapath;C:\Windows\system32;C:\Windows;C:\Windows\System32\Wbem;C:\Windows\System32\WindowsPowerShell\v1.0\;C:\Windows\System32\OpenSSH\;C:\Program Files\Git\cmd;C:\Users\kjagj\AppData\Roaming\npm;C:\Program Files\nodejs\;C:\Users\kjagj\AppData\Local\Microsoft\WindowsApps;C:\Users\kjagj\AppData\Roaming\npm;C:\Users\kjagj\AppData\Local\Programs\Microsoft VS Code\bin;C:\Users\kjagj\AppData\Local\Android\Sdk\platform-tools;C:\Users\kjagj\AppData\Roaming\npm;
USERNAME=kjagj
OS=Windows_NT
PROCESSOR_IDENTIFIER=AMD64 Family 23 Model 24 Stepping 1, AuthenticAMD



---------------  S Y S T E M  ---------------

OS:
 Windows 10 , 64 bit Build 19041 (10.0.19041.1566)
OS uptime: 6 days 16:40 hours

CPU: total 8 (initial active 8) (8 cores per cpu, 2 threads per core) family 23 model 24 stepping 1 microcode 0x0, cmov, cx8, fxsr, mmx, sse, sse2, sse3, ssse3, sse4.1, sse4.2, popcnt, vzeroupper, avx, avx2, aes, clmul, 3dnowpref, lzcnt, sse4a, ht, tsc, tscinvbit, tscinv, bmi1, bmi2, adx, sha, fma, clflush, clflushopt

Memory: 4k page, system-wide physical 3531M (213M free)
TotalPageFile size 14283M (AvailPageFile size 4M)
current process WorkingSet (physical memory assigned to process): 9M, peak: 9M
current process commit charge ("private bytes"): 60M, peak: 116M

vm_info: Java HotSpot(TM) 64-Bit Server VM (15.0.1+9-18) for windows-amd64 JRE (15.0.1+9-18), built on Sep 15 2020 14:43:54 by "mach5one" with unknown MS VC++:1925

END.
